v2
BowWeapon
2
1.00 1.00 0.32
1.00 0.00 0.00 0.00 0.00
1.00 1.00 0.18
0.00 0.00 0.00 1.00 0.00
1.00 1.00 0.41
0.00 1.00 0.00 0.00 0.60
1.00 1.00 0.41
0.00 0.00 1.00 0.00 0.00
1.00 1.00 0.43
0.00 1.00 0.00 0.00 0.47
1.00 1.00 0.40
1.00 0.00 0.00 0.00 0.00
1.00 1.00 0.04
1.00 0.00 0.00 0.00 0.00
1.00 1.00 0.25
0.00 1.00 0.00 0.00 0.35
1.00 1.00 0.25
1.00 0.00 0.00 0.00 0.00
1.00 0.17 0.16
0.00 1.00 0.00 0.00 0.33
1.00 1.00 0.37
0.00 1.00 0.00 0.00 0.80
1.00 1.00 0.37
0.00 0.00 1.00 0.00 0.00
1.00 1.00 0.37
0.00 0.00 1.00 0.00 0.00
1.00 1.00 0.23
0.00 0.00 0.00 1.00 0.00
1.00 1.00 0.38
0.00 1.00 0.00 0.00 0.58
1.00 1.00 0.38
0.00 0.00 1.00 0.00 0.00
1.00 1.00 0.43
0.00 0.00 1.00 0.00 0.00
1.00 1.00 0.19
0.00 0.00 0.00 1.00 0.00
1.00 1.00 0.30
0.00 1.00 0.00 0.00 0.83
1.00 0.00 0.00
0.00 0.00 1.00 0.00 0.00
1.00 1.00 0.52
1.00 0.00 0.00 0.00 0.00
1.00 1.00 0.29
0.00 1.00 0.00 0.00 0.55
1.00 1.00 0.29
0.00 0.00 1.00 0.00 0.00
1.00 1.00 0.28
0.00 0.00 1.00 0.00 0.00
1.00 1.00 0.00
0.00 1.00 0.00 0.00 0.88
1.00 1.00 0.00
0.00 1.00 0.00 0.00 0.50
1.00 1.00 0.00
0.00 0.00 1.00 0.00 0.00
1.00 1.00 0.00
0.00 0.00 1.00 0.00 0.00
1.00 1.00 0.00
0.00 1.00 0.00 0.00 0.72
1.00 1.00 0.00
0.00 1.00 0.00 0.00 0.48
1.00 1.00 0.00
0.00 0.00 1.00 0.00 0.00
1.00 1.00 0.00
0.00 1.00 0.00 0.00 0.62
1.00 1.00 0.00
0.00 0.00 1.00 0.00 0.00
1.00 0.00 0.00
0.00 1.00 0.00 0.00 0.55
1.00 0.00 0.00
0.00 0.00 1.00 0.00 0.00
1.00 0.00 0.00
0.00 0.00 1.00 0.00 0.00
0.98 0.00 0.00
0.00 1.00 0.00 0.00 0.30
0.93 0.00 0.00
0.00 0.00 0.00 1.00 0.00
0.93 0.00 0.00
0.00 1.00 0.00 0.00 0.32
0.93 1.00 0.00
1.00 0.00 0.00 0.00 0.00
0.93 1.00 0.00
0.00 1.00 0.00 0.00 0.02
0.93 1.00 0.00
0.00 1.00 0.00 0.00 0.75
0.93 0.00 0.00
0.00 0.00 1.00 0.00 0.00
0.97 1.00 0.16
0.00 1.00 0.00 0.00 0.70
0.97 1.00 0.20
0.00 0.00 1.00 0.00 0.00
0.97 1.00 0.20
0.00 0.00 1.00 0.00 0.00
0.97 1.00 0.17
0.00 0.00 1.00 0.00 0.00
0.95 1.00 0.10
0.00 1.00 0.00 0.00 0.40
0.95 1.00 0.13
0.00 0.00 0.00 1.00 0.00
0.95 1.00 0.47
0.00 1.00 0.00 0.00 0.45
0.95 1.00 0.33
0.00 1.00 0.00 0.00 0.25
0.95 0.00 0.00
1.00 0.00 0.00 0.00 0.00
0.95 1.00 0.22
0.00 1.00 0.00 0.00 0.22
0.95 1.00 0.27
0.00 1.00 0.00 0.00 0.47
0.95 1.00 0.29
0.00 0.00 0.00 1.00 0.00
0.95 1.00 0.37
0.00 1.00 0.00 0.00 0.47
0.95 0.00 0.00
0.00 1.00 0.00 0.00 0.57
0.95 0.00 0.00
0.00 1.00 0.00 0.00 0.65
0.95 0.00 0.00
0.00 0.00 1.00 0.00 0.00
0.95 1.00 0.27
0.00 1.00 0.00 0.00 0.70
0.95 1.00 0.23
0.00 0.00 0.00 1.00 0.00
0.95 1.00 0.39
0.00 1.00 0.00 0.00 0.32
0.83 1.00 0.00
1.00 0.00 0.00 0.00 0.00
0.79 1.00 0.00
0.00 1.00 0.00 0.00 0.40
0.79 1.00 0.00
0.00 0.00 0.00 1.00 0.00
0.79 1.00 0.00
0.00 1.00 0.00 0.00 0.58
0.79 1.00 0.00
0.00 0.00 0.00 1.00 0.00
0.79 1.00 0.00
0.00 1.00 0.00 0.00 0.45
0.79 1.00 0.00
0.00 0.00 1.00 0.00 0.00
0.79 0.47 0.00
0.00 0.00 1.00 0.00 0.00
0.79 1.00 0.00
0.00 1.00 0.00 0.00 0.33
0.79 1.00 0.00
0.00 0.00 0.00 1.00 0.00
0.79 1.00 0.00
0.00 0.00 1.00 0.00 0.00
0.79 1.00 0.00
1.00 0.00 0.00 0.00 0.00
0.79 1.00 0.00
0.00 0.00 1.00 0.00 0.00
0.79 1.00 0.00
0.00 1.00 0.00 0.00 0.18
0.79 0.69 0.00
0.00 0.00 0.00 1.00 0.00
0.79 0.54 0.00
0.00 0.00 1.00 0.00 0.00
0.79 0.00 0.00
0.00 1.00 0.00 0.00 0.22
0.79 1.00 0.00
0.00 0.00 1.00 0.00 0.00
0.79 1.00 0.00
0.00 0.00 0.00 1.00 0.00
0.79 1.00 0.00
0.00 1.00 0.00 0.00 0.23
0.79 1.00 0.00
0.00 0.00 1.00 0.00 0.00
0.79 1.00 0.00
1.00 0.00 0.00 0.00 0.00
0.79 1.00 0.00
0.00 0.00 1.00 0.00 0.00
0.79 1.00 0.00
1.00 0.00 0.00 0.00 0.00
0.79 1.00 0.00
0.00 0.00 1.00 0.00 0.00
0.79 0.74 0.00
0.00 0.00 0.00 1.00 0.00
0.79 0.00 0.00
0.00 1.00 0.00 0.00 0.25
0.79 0.00 0.00
1.00 0.00 0.00 0.00 0.00
0.79 0.00 0.00
0.00 0.00 1.00 0.00 0.00
0.79 0.00 0.00
0.00 1.00 0.00 0.00 0.43
0.79 1.00 0.00
1.00 0.00 0.00 0.00 0.00
0.79 1.00 0.00
0.00 0.00 1.00 0.00 0.00
0.79 1.00 0.00
0.00 0.00 0.00 1.00 0.00
0.79 1.00 0.00
0.00 0.00 0.00 1.00 0.00
0.79 1.00 0.00
0.00 0.00 1.00 0.00 0.00
0.79 1.00 0.00
1.00 0.00 0.00 0.00 0.00
0.79 1.00 0.00
0.00 0.00 1.00 0.00 0.00
0.79 0.75 0.00
0.00 0.00 0.00 1.00 0.00
0.79 0.00 0.00
0.00 1.00 0.00 0.00 0.27
0.79 0.00 0.00
1.00 0.00 0.00 0.00 0.00
0.79 0.00 0.00
0.00 0.00 1.00 0.00 0.00
0.79 0.00 0.00
0.00 0.00 1.00 0.00 0.00
0.79 0.00 0.00
0.00 0.00 0.00 1.00 0.00
0.79 0.00 0.00
1.00 0.00 0.00 0.00 0.00
0.79 0.00 0.00
0.00 1.00 0.00 0.00 0.37
0.79 0.00 0.00
0.00 0.00 0.00 1.00 0.00
0.79 1.00 0.00
0.00 1.00 0.00 0.00 0.27
0.79 1.00 0.00
0.00 0.00 0.00 1.00 0.00
0.79 1.00 0.00
0.00 0.00 1.00 0.00 0.00
0.79 1.00 0.00
0.00 0.00 0.00 1.00 0.00
0.79 1.00 0.00
0.00 0.00 0.00 1.00 0.00
0.79 1.00 0.00
0.00 0.00 1.00 0.00 0.00
0.79 1.00 0.00
1.00 0.00 0.00 0.00 0.00
0.79 1.00 0.00
0.00 1.00 0.00 0.00 0.18
0.79 1.00 0.00
0.00 1.00 0.00 0.00 0.03
0.79 0.06 0.00
0.00 0.00 1.00 0.00 0.00
0.82 1.00 0.47
0.00 1.00 0.00 0.00 0.68
0.82 1.00 0.47
0.00 0.00 1.00 0.00 0.00
0.82 1.00 0.47
0.00 1.00 0.00 0.00 0.40
0.82 1.00 0.47
0.00 1.00 0.00 0.00 0.55
0.82 1.00 0.42
0.00 0.00 1.00 0.00 0.00
0.82 1.00 0.31
0.00 0.00 1.00 0.00 0.00
0.82 1.00 0.31
0.00 1.00 0.00 0.00 0.53
0.82 1.00 0.17
0.00 0.00 1.00 0.00 0.00
0.82 1.00 0.27
1.00 0.00 0.00 0.00 0.00
0.82 1.00 0.20
0.00 1.00 0.00 0.00 0.28
0.82 0.79 0.20
1.00 0.00 0.00 0.00 0.00
0.82 0.77 0.13
0.00 0.00 1.00 0.00 0.00
0.82 0.62 0.13
0.00 0.00 0.00 1.00 0.00
0.82 0.00 0.00
0.00 1.00 0.00 0.00 0.28
0.82 0.00 0.00
0.00 0.00 0.00 1.00 0.00
0.82 1.00 0.19
0.00 0.00 1.00 0.00 0.00
0.82 1.00 0.19
0.00 0.00 1.00 0.00 0.00
0.82 1.00 0.19
0.00 1.00 0.00 0.00 0.47
0.82 1.00 0.19
0.00 0.00 1.00 0.00 0.00
0.82 1.00 0.19
1.00 0.00 0.00 0.00 0.00
0.82 1.00 0.24
1.00 0.00 0.00 0.00 0.00
0.82 1.00 0.06
0.00 1.00 0.00 0.00 0.42
0.82 1.00 0.06
0.00 0.00 1.00 0.00 0.00
0.82 1.00 0.06
0.00 0.00 1.00 0.00 0.00
0.82 1.00 0.06
0.00 0.00 1.00 0.00 0.00
0.82 1.00 0.06
0.00 1.00 0.00 0.00 0.30
0.82 1.00 0.07
0.00 1.00 0.00 0.00 0.73
0.84 0.00 0.00
0.00 1.00 0.00 0.00 0.60
0.84 0.00 0.00
0.00 0.00 1.00 0.00 0.00
0.79 1.00 0.14
0.00 0.00 0.00 1.00 0.00
0.79 1.00 0.33
0.00 1.00 0.00 0.00 0.53
0.79 1.00 0.32
0.00 0.00 1.00 0.00 0.00
0.79 0.36 0.32
0.00 1.00 0.00 0.00 0.43
0.79 0.04 0.32
0.00 1.00 0.00 0.00 0.15
0.79 0.00 0.00
0.00 0.00 1.00 0.00 0.00
0.79 0.00 0.00
1.00 0.00 0.00 0.00 0.00
0.79 0.00 0.00
1.00 0.00 0.00 0.00 0.00
0.79 0.00 0.00
0.00 1.00 0.00 0.00 0.57
0.79 0.00 0.00
0.00 0.00 1.00 0.00 0.00
0.79 0.00 0.00
0.00 0.00 0.00 1.00 0.00
0.79 0.00 0.00
0.00 0.00 1.00 0.00 0.00
0.73 1.00 0.08
0.00 1.00 0.00 0.00 0.02
0.73 1.00 0.05
0.00 0.00 0.00 1.00 0.00
0.73 1.00 0.27
0.00 1.00 0.00 0.00 0.45
0.73 1.00 0.27
0.00 0.00 1.00 0.00 0.00
0.73 0.55 0.31
0.00 0.00 0.00 1.00 0.00
0.73 0.55 0.50
0.00 0.00 1.00 0.00 0.00
0.73 0.09 0.50
0.00 0.00 1.00 0.00 0.00
0.73 0.00 0.00
0.00 1.00 0.00 0.00 0.60
0.73 0.00 0.00
0.00 0.00 1.00 0.00 0.00
0.73 0.00 0.00
0.00 1.00 0.00 0.00 0.30
0.73 0.00 0.00
0.00 0.00 1.00 0.00 0.00
0.73 0.00 0.00
0.00 1.00 0.00 0.00 0.63
0.73 0.00 0.00
0.00 0.00 1.00 0.00 0.00
0.73 0.00 0.00
1.00 0.00 0.00 0.00 0.00
0.73 0.00 0.00
0.00 1.00 0.00 0.00 0.20
0.73 1.00 0.30
0.00 1.00 0.00 0.00 0.22
0.73 1.00 0.17
0.00 1.00 0.00 0.00 0.37
0.73 1.00 0.15
1.00 0.00 0.00 0.00 0.00
0.73 1.00 0.20
0.00 0.00 0.00 1.00 0.00
0.73 1.00 0.09
0.00 0.00 1.00 0.00 0.00
0.73 0.00 0.00
0.00 1.00 0.00 0.00 0.52
0.73 0.00 0.00
0.00 0.00 0.00 1.00 0.00
0.73 0.40 0.67
0.00 0.00 1.00 0.00 0.00
0.73 0.00 0.00
0.00 1.00 0.00 0.00 0.73
0.73 0.00 0.00
0.00 1.00 0.00 0.00 0.68
0.73 0.00 0.00
0.00 0.00 1.00 0.00 0.00
0.73 0.00 0.00
0.00 0.00 1.00 0.00 0.00
0.73 0.00 0.00
0.00 0.00 1.00 0.00 0.00
0.73 0.00 0.00
1.00 0.00 0.00 0.00 0.00
0.73 0.00 0.00
0.00 1.00 0.00 0.00 0.33
0.73 0.00 0.00
1.00 0.00 0.00 0.00 0.00
0.73 0.00 0.00
0.00 1.00 0.00 0.00 0.53
0.79 1.00 0.46
0.00 1.00 0.00 0.00 0.70
0.79 1.00 0.57
0.00 0.00 1.00 0.00 0.00
0.79 1.00 0.72
0.00 0.00 1.00 0.00 0.00
0.79 1.00 0.72
0.00 1.00 0.00 0.00 0.65
0.79 1.00 0.58
0.00 0.00 1.00 0.00 0.00
0.79 1.00 0.58
0.00 0.00 1.00 0.00 0.00
0.79 0.50 0.33
0.00 0.00 0.00 1.00 0.00
0.79 1.00 0.37
0.00 1.00 0.00 0.00 0.53
0.79 1.00 0.20
0.00 0.00 1.00 0.00 0.00
0.79 1.00 0.28
0.00 1.00 0.00 0.00 0.58
0.79 1.00 0.11
0.00 1.00 0.00 0.00 0.08
0.79 1.00 0.10
0.00 0.00 0.00 1.00 0.00
0.79 1.00 0.35
0.00 1.00 0.00 0.00 0.48
0.79 1.00 0.30
0.00 0.00 0.00 1.00 0.00
0.79 1.00 0.22
0.00 0.00 1.00 0.00 0.00
0.79 1.00 0.27
0.00 0.00 1.00 0.00 0.00
0.79 1.00 0.22
0.00 0.00 1.00 0.00 0.00
0.79 1.00 0.22
1.00 0.00 0.00 0.00 0.00
0.79 1.00 0.18
0.00 1.00 0.00 0.00 0.47
0.79 1.00 0.04
0.00 0.00 1.00 0.00 0.00
0.79 1.00 0.21
0.00 0.00 1.00 0.00 0.00
0.79 1.00 0.42
0.00 1.00 0.00 0.00 0.62
0.79 1.00 0.44
0.00 1.00 0.00 0.00 0.87
0.79 1.00 0.31
0.00 0.00 1.00 0.00 0.00
0.65 1.00 0.30
1.00 0.00 0.00 0.00 0.00
0.64 1.00 0.16
1.00 0.00 0.00 0.00 0.00
0.64 1.00 0.05
0.00 1.00 0.00 0.00 0.53
0.64 1.00 0.25
0.00 0.00 0.00 1.00 0.00
0.64 1.00 0.32
0.00 0.00 1.00 0.00 0.00
0.64 1.00 0.05
0.00 0.00 1.00 0.00 0.00
0.64 1.00 0.20
0.00 0.00 0.00 1.00 0.00
0.64 1.00 0.19
0.00 1.00 0.00 0.00 0.30
0.63 1.00 0.14
0.00 0.00 1.00 0.00 0.00
0.61 1.00 0.19
0.00 0.00 0.00 1.00 0.00
0.61 0.40 0.25
0.00 0.00 1.00 0.00 0.00
0.61 1.00 0.27
0.00 1.00 0.00 0.00 0.30
0.61 1.00 0.25
0.00 0.00 1.00 0.00 0.00
0.61 1.00 0.23
0.00 0.00 1.00 0.00 0.00
0.61 1.00 0.23
0.00 1.00 0.00 0.00 0.30
0.61 1.00 0.26
0.00 0.00 1.00 0.00 0.00
0.61 1.00 0.17
0.00 0.00 1.00 0.00 0.00
0.61 1.00 0.30
0.00 1.00 0.00 0.00 0.72
0.61 1.00 0.30
0.00 1.00 0.00 0.00 0.75
0.61 0.40 0.38
0.00 1.00 0.00 0.00 0.67
0.61 0.20 0.40
0.00 0.00 1.00 0.00 0.00
0.61 1.00 0.37
0.00 0.00 1.00 0.00 0.00
0.63 1.00 0.07
0.00 1.00 0.00 0.00 0.87
0.63 1.00 0.21
0.00 0.00 1.00 0.00 0.00
0.63 0.00 0.00
0.00 1.00 0.00 0.00 0.43
0.63 1.00 0.33
0.00 0.00 1.00 0.00 0.00
0.63 1.00 0.33
0.00 0.00 1.00 0.00 0.00
0.63 1.00 0.33
0.00 0.00 0.00 1.00 0.00
0.63 1.00 0.31
0.00 1.00 0.00 0.00 0.43
0.63 1.00 0.31
0.00 0.00 1.00 0.00 0.00
0.63 1.00 0.23
0.00 1.00 0.00 0.00 0.73
0.63 0.00 0.00
0.00 0.00 0.00 1.00 0.00
0.63 1.00 0.23
0.00 1.00 0.00 0.00 0.60
0.63 0.36 0.24
0.00 0.00 1.00 0.00 0.00
0.63 0.00 0.00
1.00 0.00 0.00 0.00 0.00
0.63 0.00 0.00
0.00 1.00 0.00 0.00 0.53
0.63 0.00 0.00
0.00 0.00 1.00 0.00 0.00
0.63 0.00 0.00
0.00 0.00 0.00 1.00 0.00
0.63 0.66 0.42
0.00 0.00 0.00 1.00 0.00
0.63 0.00 0.00
0.00 1.00 0.00 0.00 0.35
0.63 0.07 0.28
0.00 1.00 0.00 0.00 0.27
0.63 1.00 0.35
0.00 1.00 0.00 0.00 0.45
0.63 0.00 0.00
0.00 1.00 0.00 0.00 0.73
0.63 1.00 0.32
0.00 1.00 0.00 0.00 0.58
0.63 1.00 0.26
0.00 0.00 1.00 0.00 0.00
0.63 1.00 0.14
0.00 0.00 0.00 1.00 0.00
0.63 1.00 0.31
0.00 1.00 0.00 0.00 0.42
0.63 1.00 0.38
0.00 1.00 0.00 0.00 0.43
0.63 1.00 0.38
1.00 0.00 0.00 0.00 0.00
0.63 0.61 0.17
0.00 0.00 0.00 1.00 0.00
0.63 0.61 0.17
0.00 1.00 0.00 0.00 0.12
0.63 0.00 0.00
0.00 1.00 0.00 0.00 0.30
0.59 0.00 0.00
0.00 0.00 0.00 1.00 0.00
0.59 1.00 0.23
0.00 1.00 0.00 0.00 0.52
0.59 1.00 0.23
1.00 0.00 0.00 0.00 0.00
0.59 1.00 0.18
0.00 1.00 0.00 0.00 0.42
0.59 1.00 0.25
1.00 0.00 0.00 0.00 0.00
0.59 1.00 0.25
0.00 1.00 0.00 0.00 0.10
0.59 0.00 0.00
0.00 1.00 0.00 0.00 0.32
0.59 1.00 0.14
0.00 1.00 0.00 0.00 0.48
0.59 1.00 0.14
0.00 0.00 0.00 1.00 0.00
0.59 1.00 0.11
0.00 0.00 1.00 0.00 0.00
0.59 0.00 0.00
0.00 0.00 0.00 1.00 0.00
0.59 1.00 0.13
0.00 0.00 0.00 1.00 0.00
0.59 1.00 0.07
0.00 1.00 0.00 0.00 0.45
0.59 1.00 0.07
0.00 0.00 0.00 1.00 0.00
0.59 0.00 0.00
0.00 1.00 0.00 0.00 0.40
0.59 0.41 0.27
1.00 0.00 0.00 0.00 0.00
0.59 0.05 0.40
0.00 1.00 0.00 0.00 0.30
0.59 0.05 0.40
0.00 0.00 1.00 0.00 0.00
0.59 1.00 0.18
1.00 0.00 0.00 0.00 0.00
0.59 1.00 0.24
0.00 1.00 0.00 0.00 0.43
0.59 1.00 0.24
0.00 0.00 0.00 1.00 0.00
0.59 0.00 0.00
0.00 0.00 0.00 1.00 0.00
0.59 0.00 0.00
0.00 1.00 0.00 0.00 0.37
0.59 0.00 0.00
0.00 1.00 0.00 0.00 0.38
0.59 1.00 0.14
0.00 1.00 0.00 0.00 0.42
0.59 1.00 0.14
1.00 0.00 0.00 0.00 0.00
0.59 1.00 0.31
0.00 1.00 0.00 0.00 0.37
0.59 0.00 0.00
0.00 0.00 0.00 1.00 0.00
0.59 0.66 0.20
0.00 1.00 0.00 0.00 0.33
0.59 0.10 0.12
0.00 0.00 1.00 0.00 0.00
0.59 0.00 0.00
0.00 0.00 0.00 1.00 0.00
0.59 1.00 0.13
0.00 1.00 0.00 0.00 0.45
0.57 1.00 0.04
0.00 0.00 1.00 0.00 0.00
0.56 0.10 0.04
0.00 0.00 0.00 1.00 0.00
0.56 1.00 0.06
0.00 0.00 0.00 1.00 0.00
0.56 1.00 0.26
0.00 1.00 0.00 0.00 0.28
0.57 0.00 0.00
0.00 1.00 0.00 0.00 0.67
0.57 0.00 0.00
0.00 0.00 1.00 0.00 0.00
0.57 1.00 0.19
0.00 1.00 0.00 0.00 0.65
0.57 1.00 0.20
0.00 0.00 1.00 0.00 0.00
0.57 1.00 0.20
0.00 1.00 0.00 0.00 0.62
0.57 1.00 0.20
0.00 0.00 1.00 0.00 0.00
0.57 1.00 0.16
1.00 0.00 0.00 0.00 0.00
0.57 1.00 0.29
0.00 1.00 0.00 0.00 0.65
0.57 1.00 0.29
0.00 1.00 0.00 0.00 0.58
0.57 1.00 0.29
0.00 0.00 1.00 0.00 0.00
0.57 0.00 0.00
0.00 1.00 0.00 0.00 0.77
0.57 0.00 0.00
0.00 1.00 0.00 0.00 0.23
0.57 0.00 0.00
0.00 0.00 1.00 0.00 0.00
0.57 0.00 0.00
0.00 0.00 0.00 1.00 0.00
0.57 1.00 0.14
0.00 1.00 0.00 0.00 0.50
0.57 1.00 0.14
0.00 0.00 0.00 1.00 0.00
0.57 0.00 0.00
0.00 0.00 1.00 0.00 0.00
0.57 0.00 0.00
0.00 0.00 0.00 1.00 0.00
0.57 0.00 0.00
0.00 1.00 0.00 0.00 0.45
0.57 1.00 0.16
0.00 0.00 1.00 0.00 0.00
0.57 1.00 0.27
0.00 0.00 1.00 0.00 0.00
0.57 1.00 0.19
1.00 0.00 0.00 0.00 0.00
0.57 0.00 0.00
0.00 1.00 0.00 0.00 0.33
0.57 0.00 0.00
0.00 0.00 1.00 0.00 0.00
0.57 0.00 0.00
0.00 1.00 0.00 0.00 0.35
0.57 0.00 0.00
0.00 0.00 1.00 0.00 0.00
0.57 1.00 0.17
0.00 1.00 0.00 0.00 0.33
0.57 0.31 0.29
0.00 0.00 1.00 0.00 0.00
1.00 1.00 0.38
0.00 1.00 0.00 0.00 0.78
1.00 1.00 0.38
0.00 1.00 0.00 0.00 0.72
1.00 1.00 0.38
0.00 0.00 1.00 0.00 0.00
1.00 1.00 0.38
0.00 0.00 1.00 0.00 0.00
1.00 1.00 0.38
0.00 0.00 0.00 1.00 0.00
1.00 0.82 0.30
0.00 1.00 0.00 0.00 1.00
1.00 1.00 0.22
0.00 0.00 1.00 0.00 0.00
1.00 0.75 0.19
0.00 0.00 0.00 1.00 0.00
1.00 0.00 0.00
0.00 0.00 0.00 1.00 0.00
1.00 0.00 0.00
0.00 0.00 1.00 0.00 0.00
1.00 0.00 0.00
0.00 0.00 0.00 1.00 0.00
1.00 0.00 0.00
0.00 1.00 0.00 0.00 0.43
1.00 0.00 0.00
0.00 0.00 1.00 0.00 0.00
0.95 0.69 0.10
0.00 0.00 0.00 1.00 0.00
0.95 0.00 0.00
0.00 0.00 1.00 0.00 0.00
0.95 0.00 0.00
0.00 1.00 0.00 0.00 0.23
0.95 0.00 0.00
0.00 0.00 1.00 0.00 0.00
0.95 0.00 0.00
0.00 0.00 0.00 1.00 0.00
0.95 1.00 0.26
0.00 1.00 0.00 0.00 0.47
0.95 1.00 0.26
0.00 0.00 1.00 0.00 0.00
0.95 1.00 0.26
0.00 0.00 1.00 0.00 0.00
0.95 1.00 0.26
0.00 0.00 1.00 0.00 0.00
0.95 1.00 0.31
0.00 1.00 0.00 0.00 0.80
0.95 1.00 0.31
0.00 1.00 0.00 0.00 0.72
0.95 1.00 0.31
0.00 0.00 1.00 0.00 0.00
0.95 1.00 0.16
0.00 0.00 0.00 1.00 0.00
0.95 0.00 0.00
0.00 0.00 1.00 0.00 0.00
0.95 0.00 0.00
0.00 0.00 1.00 0.00 0.00
0.95 0.00 0.00
0.00 1.00 0.00 0.00 0.32
0.95 0.00 0.00
0.00 0.00 0.00 1.00 0.00
0.95 0.34 0.44
0.00 0.00 1.00 0.00 0.00
0.95 0.55 0.22
1.00 0.00 0.00 0.00 0.00
0.95 0.55 0.29
0.00 0.00 1.00 0.00 0.00
0.95 1.00 0.07
0.00 1.00 0.00 0.00 0.52
0.95 1.00 0.07
1.00 0.00 0.00 0.00 0.00
0.95 1.00 0.29
0.00 0.00 1.00 0.00 0.00
0.95 1.00 0.28
1.00 0.00 0.00 0.00 0.00
0.95 1.00 0.20
0.00 1.00 0.00 0.00 0.67
0.95 1.00 0.20
1.00 0.00 0.00 0.00 0.00
0.95 0.13 0.31
0.00 0.00 1.00 0.00 0.00
0.95 0.00 0.00
1.00 0.00 0.00 0.00 0.00
0.95 0.23 0.07
1.00 0.00 0.00 0.00 0.00
0.95 0.23 0.36
0.00 1.00 0.00 0.00 0.32
0.95 0.21 0.36
0.00 0.00 0.00 1.00 0.00
0.95 1.00 0.47
0.00 0.00 1.00 0.00 0.00
0.92 1.00 0.47
0.00 0.00 1.00 0.00 0.00
0.92 1.00 0.47
1.00 0.00 0.00 0.00 0.00
0.92 1.00 0.18
0.00 0.00 1.00 0.00 0.00
1.00 1.00 0.00
0.00 1.00 0.00 0.00 0.63
1.00 1.00 0.00
0.00 0.00 1.00 0.00 0.00
1.00 1.00 0.00
0.00 0.00 1.00 0.00 0.00
0.98 0.00 0.00
0.00 0.00 0.00 1.00 0.00
0.98 0.00 0.00
0.00 1.00 0.00 0.00 0.40
0.98 0.00 0.00
0.00 1.00 0.00 0.00 0.42
0.98 0.00 0.00
1.00 0.00 0.00 0.00 0.00
0.95 0.00 0.00
0.00 0.00 0.00 1.00 0.00
0.95 0.00 0.00
0.00 1.00 0.00 0.00 0.55
0.95 0.00 0.00
0.00 0.00 1.00 0.00 0.00
0.95 0.00 0.00
0.00 0.00 1.00 0.00 0.00
0.95 0.00 0.00
0.00 1.00 0.00 0.00 0.73
0.95 0.00 0.00
0.00 0.00 1.00 0.00 0.00
0.95 0.00 0.00
0.00 0.00 1.00 0.00 0.00
0.95 0.00 0.00
0.00 1.00 0.00 0.00 0.57
0.95 1.00 0.00
0.00 1.00 0.00 0.00 0.55
0.95 0.50 0.00
0.00 0.00 0.00 1.00 0.00
0.95 1.00 0.00
0.00 0.00 1.00 0.00 0.00
0.95 1.00 0.00
0.00 0.00 1.00 0.00 0.00
0.95 1.00 0.00
0.00 0.00 0.00 1.00 0.00
0.95 0.00 0.00
0.00 0.00 0.00 1.00 0.00
0.95 0.00 0.00
0.00 0.00 0.00 1.00 0.00
0.95 0.00 0.00
0.00 0.00 0.00 1.00 0.00
0.95 0.00 0.00
0.00 1.00 0.00 0.00 0.65
0.95 0.00 0.00
0.00 0.00 1.00 0.00 0.00
0.95 0.00 0.00
0.00 1.00 0.00 0.00 0.43
0.97 0.00 0.00
1.00 0.00 0.00 0.00 0.00
0.97 1.00 0.00
0.00 1.00 0.00 0.00 0.83
0.97 1.00 0.00
0.00 0.00 0.00 1.00 0.00
0.97 0.00 0.00
1.00 0.00 0.00 0.00 0.00
0.97 1.00 0.01
0.00 0.00 0.00 1.00 0.00
0.97 0.00 0.00
0.00 1.00 0.00 0.00 0.45
0.97 0.00 0.00
0.00 0.00 1.00 0.00 0.00
0.97 0.00 0.00
0.00 0.00 1.00 0.00 0.00
0.97 0.00 0.00
0.00 1.00 0.00 0.00 0.47
0.97 0.00 0.00
1.00 0.00 0.00 0.00 0.00
0.97 0.00 0.00
0.00 0.00 1.00 0.00 0.00
0.93 1.00 0.03
0.00 0.00 1.00 0.00 0.00
0.93 1.00 0.03
1.00 0.00 0.00 0.00 0.00
0.93 1.00 0.04
1.00 0.00 0.00 0.00 0.00
0.93 0.00 0.00
0.00 1.00 0.00 0.00 0.47
0.92 0.00 0.00
0.00 0.00 1.00 0.00 0.00
0.90 0.00 0.00
1.00 0.00 0.00 0.00 0.00
0.90 1.00 0.09
0.00 1.00 0.00 0.00 0.23
0.90 0.59 0.09
0.00 0.00 1.00 0.00 0.00
0.90 0.36 0.09
0.00 0.00 0.00 1.00 0.00
0.90 0.94 0.07
0.00 0.00 1.00 0.00 0.00
0.90 0.00 0.00
1.00 0.00 0.00 0.00 0.00
0.92 0.00 0.00
0.00 1.00 0.00 0.00 0.65
0.92 0.00 0.00
0.00 0.00 0.00 1.00 0.00
0.92 0.00 0.00
0.00 0.00 1.00 0.00 0.00
0.92 0.00 0.00
0.00 1.00 0.00 0.00 0.30
0.92 0.00 0.00
0.00 0.00 1.00 0.00 0.00
0.92 0.00 0.00
0.00 1.00 0.00 0.00 0.52
0.88 0.00 0.00
0.00 0.00 0.00 1.00 0.00
0.88 0.00 0.00
0.00 0.00 0.00 1.00 0.00
0.88 0.00 0.00
0.00 1.00 0.00 0.00 0.45
0.87 0.00 0.00
0.00 0.00 0.00 1.00 0.00
0.87 0.00 0.00
0.00 1.00 0.00 0.00 1.00
0.87 0.00 0.00
0.00 1.00 0.00 0.00 0.47
0.87 0.00 0.00
0.00 0.00 0.00 1.00 0.00
0.87 0.00 0.00
0.00 0.00 1.00 0.00 0.00
0.86 0.00 0.00
1.00 0.00 0.00 0.00 0.00
0.86 0.00 0.00
0.00 1.00 0.00 0.00 0.48
0.86 0.00 0.00
0.00 0.00 1.00 0.00 0.00
0.86 0.00 0.00
0.00 0.00 1.00 0.00 0.00
0.86 0.00 0.00
0.00 1.00 0.00 0.00 0.53
0.86 0.00 0.00
0.00 0.00 1.00 0.00 0.00
0.83 0.00 0.00
0.00 0.00 0.00 1.00 0.00
0.83 0.00 0.00
0.00 0.00 0.00 1.00 0.00
0.83 0.00 0.00
0.00 1.00 0.00 0.00 0.18
0.83 0.00 0.00
0.00 0.00 1.00 0.00 0.00
0.83 0.00 0.00
0.00 0.00 0.00 1.00 0.00
0.83 0.00 0.00
0.00 1.00 0.00 0.00 0.35
0.83 0.00 0.00
0.00 0.00 0.00 1.00 0.00
0.83 0.00 0.00
0.00 0.00 1.00 0.00 0.00
0.83 0.00 0.00
0.00 0.00 1.00 0.00 0.00
0.80 0.00 0.00
0.00 0.00 0.00 1.00 0.00
0.80 0.00 0.00
1.00 0.00 0.00 0.00 0.00
0.80 0.00 0.00
0.00 0.00 1.00 0.00 0.00
0.80 0.00 0.00
1.00 0.00 0.00 0.00 0.00
0.80 0.00 0.00
0.00 1.00 0.00 0.00 0.42
0.80 0.00 0.00
0.00 0.00 1.00 0.00 0.00
0.80 0.00 0.00
0.00 0.00 1.00 0.00 0.00
0.82 0.00 0.00
0.00 0.00 0.00 1.00 0.00
0.82 1.00 0.27
0.00 1.00 0.00 0.00 0.80
0.82 1.00 0.18
0.00 1.00 0.00 0.00 0.63
0.82 1.00 0.17
0.00 0.00 1.00 0.00 0.00
0.82 1.00 0.17
0.00 0.00 1.00 0.00 0.00
0.82 1.00 0.17
1.00 0.00 0.00 0.00 0.00
0.82 1.00 0.14
0.00 0.00 1.00 0.00 0.00
0.82 1.00 0.14
0.00 0.00 1.00 0.00 0.00
0.82 1.00 0.14
1.00 0.00 0.00 0.00 0.00
0.82 1.00 0.26
0.00 1.00 0.00 0.00 0.50
0.82 1.00 0.26
0.00 0.00 0.00 1.00 0.00
0.82 1.00 0.02
0.00 0.00 1.00 0.00 0.00
0.82 1.00 0.02
0.00 0.00 1.00 0.00 0.00
0.82 1.00 0.02
0.00 1.00 0.00 0.00 0.27
0.82 1.00 0.02
0.00 0.00 1.00 0.00 0.00
0.82 1.00 0.02
0.00 1.00 0.00 0.00 0.62
0.82 1.00 0.02
0.00 0.00 1.00 0.00 0.00
0.82 1.00 0.02
0.00 0.00 1.00 0.00 0.00
0.82 1.00 0.02
0.00 0.00 1.00 0.00 0.00
0.82 1.00 0.02
0.00 0.00 1.00 0.00 0.00
0.82 1.00 0.02
0.00 1.00 0.00 0.00 0.60
0.82 1.00 0.02
1.00 0.00 0.00 0.00 0.00
0.82 0.00 0.00
0.00 0.00 1.00 0.00 0.00
0.82 0.00 0.00
0.00 0.00 1.00 0.00 0.00
0.82 0.00 0.00
0.00 0.00 1.00 0.00 0.00
0.82 0.00 0.00
0.00 0.00 1.00 0.00 0.00
0.82 0.00 0.00
0.00 0.00 1.00 0.00 0.00
0.82 0.00 0.00
0.00 1.00 0.00 0.00 0.32
0.82 0.00 0.00
0.00 0.00 1.00 0.00 0.00
0.82 0.00 0.00
0.00 1.00 0.00 0.00 0.45
0.82 0.00 0.00
0.00 0.00 1.00 0.00 0.00
0.82 0.00 0.00
0.00 1.00 0.00 0.00 0.50
0.82 0.00 0.00
0.00 0.00 1.00 0.00 0.00
0.82 0.00 0.00
0.00 0.00 1.00 0.00 0.00
0.82 0.00 0.00
0.00 0.00 1.00 0.00 0.00
0.82 0.00 0.00
0.00 0.00 1.00 0.00 0.00
0.83 1.00 0.24
0.00 1.00 0.00 0.00 0.70
0.83 1.00 0.24
0.00 0.00 1.00 0.00 0.00
0.83 1.00 0.24
0.00 0.00 1.00 0.00 0.00
0.83 1.00 0.24
0.00 0.00 1.00 0.00 0.00
0.83 1.00 0.24
0.00 0.00 1.00 0.00 0.00
0.83 1.00 0.24
0.00 0.00 1.00 0.00 0.00
0.83 1.00 0.24
0.00 1.00 0.00 0.00 0.28
0.83 1.00 0.26
0.00 0.00 0.00 1.00 0.00
0.83 0.00 0.00
0.00 1.00 0.00 0.00 0.37
0.83 0.00 0.00
0.00 0.00 1.00 0.00 0.00
0.83 0.00 0.00
1.00 0.00 0.00 0.00 0.00
0.83 0.00 0.00
0.00 1.00 0.00 0.00 0.05
0.83 0.00 0.00
0.00 1.00 0.00 0.00 0.58
0.83 0.00 0.00
1.00 0.00 0.00 0.00 0.00
0.83 1.00 0.21
0.00 0.00 1.00 0.00 0.00
0.83 0.00 0.00
0.00 0.00 1.00 0.00 0.00
0.83 0.00 0.00
0.00 0.00 1.00 0.00 0.00
0.83 0.00 0.00
0.00 0.00 1.00 0.00 0.00
0.83 0.00 0.00
0.00 1.00 0.00 0.00 0.65
0.83 0.00 0.00
1.00 0.00 0.00 0.00 0.00
0.83 1.00 0.15
0.00 0.00 1.00 0.00 0.00
0.83 1.00 0.17
0.00 0.00 1.00 0.00 0.00
0.83 0.00 0.00
1.00 0.00 0.00 0.00 0.00
0.83 0.00 0.00
0.00 0.00 0.00 1.00 0.00
0.83 0.00 0.00
1.00 0.00 0.00 0.00 0.00
0.83 0.00 0.00
1.00 0.00 0.00 0.00 0.00
0.83 0.00 0.00
0.00 1.00 0.00 0.00 0.40
0.83 0.00 0.00
0.00 0.00 1.00 0.00 0.00
0.83 0.00 0.00
0.00 0.00 0.00 1.00 0.00
0.83 1.00 0.12
0.00 0.00 0.00 1.00 0.00
0.83 0.00 0.00
0.00 1.00 0.00 0.00 0.75
0.83 0.00 0.00
0.00 0.00 1.00 0.00 0.00
0.83 1.00 0.28
0.00 1.00 0.00 0.00 0.90
0.83 0.00 0.00
0.00 0.00 1.00 0.00 0.00
0.83 1.00 0.00
0.00 0.00 1.00 0.00 0.00
0.83 1.00 0.00
0.00 0.00 0.00 1.00 0.00
0.83 0.00 0.00
0.00 1.00 0.00 0.00 0.53
0.83 0.00 0.00
0.00 0.00 1.00 0.00 0.00
0.83 0.00 0.00
0.00 0.00 1.00 0.00 0.00
0.83 0.00 0.00
0.00 1.00 0.00 0.00 0.58
0.83 1.00 0.35
0.00 0.00 1.00 0.00 0.00
0.83 0.00 0.00
1.00 0.00 0.00 0.00 0.00
0.83 0.00 0.00
0.00 1.00 0.00 0.00 0.43
0.83 1.00 0.20
0.00 0.00 1.00 0.00 0.00
0.83 0.00 0.00
0.00 0.00 1.00 0.00 0.00
0.83 0.00 0.00
0.00 0.00 0.00 1.00 0.00
0.83 1.00 0.26
0.00 1.00 0.00 0.00 0.40
0.83 1.00 0.34
0.00 0.00 0.00 1.00 0.00
0.83 0.00 0.00
0.00 1.00 0.00 0.00 0.55
0.83 0.00 0.00
0.00 0.00 1.00 0.00 0.00
0.83 0.00 0.00
0.00 0.00 0.00 1.00 0.00
0.83 0.00 0.00
1.00 0.00 0.00 0.00 0.00
0.83 1.00 0.20
0.00 1.00 0.00 0.00 0.57
0.83 0.99 0.34
0.00 0.00 1.00 0.00 0.00
0.83 0.99 0.34
0.00 0.00 0.00 1.00 0.00
0.83 0.00 0.00
0.00 1.00 0.00 0.00 0.60
0.83 0.00 0.00
0.00 0.00 1.00 0.00 0.00
0.79 0.00 0.00
0.00 0.00 1.00 0.00 0.00
0.81 1.00 0.24
0.00 0.00 0.00 1.00 0.00
0.81 1.00 0.23
1.00 0.00 0.00 0.00 0.00
0.81 0.00 0.00
0.00 0.00 0.00 1.00 0.00
0.81 1.00 0.31
0.00 0.00 0.00 1.00 0.00
0.81 1.00 0.31
0.00 0.00 0.00 1.00 0.00
0.81 0.00 0.00
1.00 0.00 0.00 0.00 0.00
0.81 0.00 0.00
0.00 1.00 0.00 0.00 0.65
0.81 0.00 0.00
0.00 0.00 1.00 0.00 0.00
0.81 0.00 0.00
0.00 0.00 1.00 0.00 0.00
0.81 1.00 0.25
0.00 1.00 0.00 0.00 0.50
0.81 0.00 0.00
0.00 0.00 1.00 0.00 0.00
0.81 1.00 0.12
0.00 0.00 1.00 0.00 0.00
0.81 1.00 0.12
0.00 0.00 0.00 1.00 0.00
0.74 1.00 0.13
0.00 0.00 0.00 1.00 0.00
0.74 0.00 0.00
0.00 1.00 0.00 0.00 0.48
0.74 0.00 0.00
0.00 0.00 1.00 0.00 0.00
0.74 0.00 0.00
0.00 0.00 0.00 1.00 0.00
0.74 0.00 0.00
1.00 0.00 0.00 0.00 0.00
0.74 0.00 0.00
0.00 1.00 0.00 0.00 0.58
0.74 1.00 0.00
0.00 0.00 0.00 1.00 0.00
0.74 1.00 0.00
0.00 1.00 0.00 0.00 0.38
0.74 1.00 0.02
0.00 1.00 0.00 0.00 0.40
0.74 1.00 0.21
0.00 0.00 1.00 0.00 0.00
0.71 1.00 0.08
0.00 0.00 0.00 1.00 0.00
0.71 1.00 0.08
0.00 1.00 0.00 0.00 0.35
0.67 1.00 0.09
0.00 0.00 1.00 0.00 0.00
0.64 0.60 0.07
0.00 0.00 0.00 1.00 0.00
0.64 1.00 0.21
0.00 0.00 0.00 1.00 0.00
0.64 1.00 0.38
0.00 0.00 1.00 0.00 0.00
0.64 1.00 0.09
0.00 0.00 0.00 1.00 0.00
0.64 0.00 0.00
0.00 1.00 0.00 0.00 0.48
0.64 0.00 0.00
0.00 0.00 0.00 1.00 0.00
0.64 0.70 0.25
0.00 0.00 1.00 0.00 0.00
0.64 0.00 0.00
0.00 0.00 0.00 1.00 0.00
0.64 0.00 0.00
0.00 1.00 0.00 0.00 0.23
0.64 0.00 0.00
0.00 1.00 0.00 0.00 0.25
0.64 0.00 0.00
0.00 0.00 1.00 0.00 0.00
0.67 1.00 0.32
0.00 1.00 0.00 0.00 0.68
0.67 1.00 0.34
0.00 0.00 1.00 0.00 0.00
0.67 1.00 0.34
0.00 0.00 1.00 0.00 0.00
0.67 1.00 0.35
0.00 0.00 1.00 0.00 0.00
0.67 1.00 0.35
0.00 1.00 0.00 0.00 0.43
0.67 1.00 0.35
0.00 0.00 1.00 0.00 0.00
0.67 1.00 0.35
0.00 0.00 1.00 0.00 0.00
0.67 1.00 0.35
0.00 0.00 1.00 0.00 0.00
0.67 1.00 0.35
0.00 0.00 1.00 0.00 0.00
0.67 1.00 0.35
0.00 0.00 0.00 1.00 0.00
0.67 1.00 0.40
0.00 1.00 0.00 0.00 0.60
0.67 1.00 0.40
0.00 1.00 0.00 0.00 0.52
0.67 0.00 0.00
0.00 1.00 0.00 0.00 0.58
0.67 0.00 0.00
0.00 0.00 0.00 1.00 0.00
0.67 0.00 0.00
0.00 0.00 1.00 0.00 0.00
0.67 0.00 0.00
0.00 0.00 1.00 0.00 0.00
0.67 0.00 0.00
0.00 0.00 1.00 0.00 0.00
0.67 0.00 0.00
0.00 1.00 0.00 0.00 0.45
0.67 0.00 0.00
0.00 0.00 0.00 1.00 0.00
0.67 1.00 0.21
0.00 0.00 1.00 0.00 0.00
0.65 1.00 0.09
0.00 0.00 0.00 1.00 0.00
0.65 1.00 0.39
0.00 0.00 1.00 0.00 0.00
0.65 1.00 0.39
0.00 0.00 1.00 0.00 0.00
0.65 1.00 0.39
0.00 0.00 0.00 1.00 0.00
0.65 0.00 0.00
0.00 1.00 0.00 0.00 0.50
0.65 1.00 0.19
0.00 0.00 1.00 0.00 0.00
0.58 1.00 0.09
0.00 0.00 1.00 0.00 0.00
0.58 1.00 0.13
0.00 0.00 0.00 1.00 0.00
0.58 1.00 0.17
0.00 0.00 0.00 1.00 0.00
0.58 0.56 0.35
0.00 0.00 1.00 0.00 0.00
0.58 0.09 0.35
1.00 0.00 0.00 0.00 0.00
0.58 0.00 0.00
0.00 0.00 1.00 0.00 0.00
0.58 0.00 0.00
0.00 1.00 0.00 0.00 0.33
0.58 0.00 0.00
0.00 0.00 0.00 1.00 0.00
0.58 0.00 0.00
0.00 0.00 1.00 0.00 0.00
0.58 0.66 0.47
0.00 0.00 1.00 0.00 0.00
0.58 0.66 0.47
0.00 0.00 0.00 1.00 0.00
0.58 1.00 0.37
0.00 1.00 0.00 0.00 0.18
0.58 1.00 0.37
0.00 0.00 1.00 0.00 0.00
0.58 1.00 0.37
0.00 0.00 0.00 1.00 0.00
0.58 0.00 0.00
0.00 1.00 0.00 0.00 0.38
0.58 0.00 0.00
0.00 0.00 1.00 0.00 0.00
0.58 0.00 0.00
1.00 0.00 0.00 0.00 0.00
0.58 0.00 0.00
0.00 0.00 1.00 0.00 0.00
0.58 0.00 0.00
0.00 0.00 1.00 0.00 0.00
0.58 0.00 0.00
0.00 0.00 0.00 1.00 0.00
0.58 1.00 0.22
0.00 1.00 0.00 0.00 0.17
0.58 1.00 0.22
1.00 0.00 0.00 0.00 0.00
0.58 0.66 0.38
1.00 0.00 0.00 0.00 0.00
0.58 0.00 0.00
0.00 1.00 0.00 0.00 0.55
0.58 0.00 0.00
0.00 0.00 0.00 1.00 0.00
0.58 0.00 0.00
0.00 0.00 1.00 0.00 0.00
0.58 0.00 0.00
1.00 0.00 0.00 0.00 0.00
0.58 1.00 0.26
0.00 0.00 0.00 1.00 0.00
0.58 1.00 0.26
0.00 1.00 0.00 0.00 0.50
0.58 1.00 0.25
0.00 1.00 0.00 0.00 0.52
0.58 0.00 0.00
0.00 0.00 1.00 0.00 0.00
0.58 0.00 0.00
0.00 0.00 0.00 1.00 0.00
0.58 1.00 0.18
0.00 0.00 1.00 0.00 0.00
0.53 1.00 0.09
0.00 0.00 0.00 1.00 0.00
0.53 1.00 0.42
0.00 1.00 0.00 0.00 0.38
0.50 1.00 0.25
0.00 0.00 1.00 0.00 0.00
0.50 0.64 0.04
1.00 0.00 0.00 0.00 0.00
0.50 0.56 0.29
0.00 0.00 1.00 0.00 0.00
0.50 1.00 0.11
0.00 1.00 0.00 0.00 0.35
0.50 1.00 0.07
0.00 0.00 1.00 0.00 0.00
0.47 1.00 0.17
0.00 0.00 1.00 0.00 0.00
0.47 0.27 0.25
0.00 0.00 1.00 0.00 0.00
0.47 0.00 0.00
0.00 1.00 0.00 0.00 0.50
0.47 0.00 0.00
0.00 0.00 0.00 1.00 0.00
0.47 0.56 0.39
0.00 0.00 1.00 0.00 0.00
0.44 1.00 0.11
0.00 0.00 0.00 1.00 0.00
0.44 1.00 0.29
0.00 0.00 0.00 1.00 0.00
0.44 1.00 0.47
0.00 0.00 0.00 1.00 0.00
0.44 0.00 0.00
0.00 1.00 0.00 0.00 0.43
0.44 0.00 0.00
0.00 0.00 1.00 0.00 0.00
0.44 0.50 0.49
0.00 0.00 1.00 0.00 0.00
0.44 0.46 0.49
0.00 0.00 0.00 1.00 0.00
0.44 1.00 0.50
0.00 0.00 1.00 0.00 0.00
0.44 1.00 0.15
0.00 0.00 1.00 0.00 0.00
0.40 1.00 0.07
0.00 0.00 0.00 1.00 0.00
0.40 1.00 0.29
0.00 0.00 0.00 1.00 0.00
0.40 0.00 0.00
0.00 1.00 0.00 0.00 0.57
0.40 0.00 0.00
0.00 0.00 0.00 1.00 0.00
0.40 0.40 0.58
0.00 0.00 1.00 0.00 0.00
0.40 1.00 0.14
0.00 0.00 0.00 1.00 0.00
0.40 0.37 0.35
0.00 1.00 0.00 0.00 0.32
0.40 0.36 0.35
1.00 0.00 0.00 0.00 0.00
0.40 0.00 0.00
0.00 0.00 1.00 0.00 0.00
0.40 0.00 0.00
0.00 0.00 1.00 0.00 0.00
0.40 1.00 0.17
0.00 0.00 0.00 1.00 0.00
0.40 1.00 0.33
1.00 0.00 0.00 0.00 0.00
0.40 1.00 0.16
0.00 0.00 1.00 0.00 0.00
0.40 1.00 0.15
0.00 0.00 0.00 1.00 0.00
0.40 0.00 0.00
1.00 0.00 0.00 0.00 0.00
0.40 1.00 0.27
1.00 0.00 0.00 0.00 0.00
0.40 1.00 0.37
1.00 0.00 0.00 0.00 0.00
0.40 1.00 0.20
0.00 0.00 0.00 1.00 0.00
0.40 0.00 0.00
0.00 1.00 0.00 0.00 0.50
0.40 1.00 0.26
0.00 0.00 1.00 0.00 0.00
0.40 1.00 0.19
1.00 0.00 0.00 0.00 0.00
0.40 1.00 0.27
0.00 0.00 1.00 0.00 0.00
0.40 1.00 0.27
0.00 0.00 0.00 1.00 0.00
0.40 1.00 0.08
1.00 0.00 0.00 0.00 0.00
0.40 1.00 0.12
0.00 0.00 1.00 0.00 0.00
0.33 1.00 0.19
0.00 0.00 0.00 1.00 0.00
0.29 1.00 0.17
0.00 1.00 0.00 0.00 0.42
0.29 1.00 0.11
0.00 0.00 1.00 0.00 0.00
0.25 0.68 0.13
0.00 0.00 1.00 0.00 0.00
0.22 1.00 0.09
0.00 0.00 1.00 0.00 0.00
0.18 1.00 0.09
1.00 0.00 0.00 0.00 0.00
0.18 0.00 0.00
0.00 0.00 0.00 1.00 0.00
0.17 0.00 0.00
0.00 0.00 1.00 0.00 0.00
0.13 0.00 0.00
1.00 0.00 0.00 0.00 0.00
0.13 0.33 0.50
0.00 0.00 0.00 1.00 0.00
0.13 0.00 0.00
0.00 1.00 0.00 0.00 0.42
0.13 0.00 0.00
1.00 0.00 0.00 0.00 0.00
0.13 0.00 0.00
0.00 0.00 1.00 0.00 0.00
0.12 0.00 0.00
0.00 0.00 1.00 0.00 0.00
0.12 0.00 0.00
0.00 0.00 0.00 1.00 0.00
0.12 0.00 0.00
0.00 0.00 1.00 0.00 0.00
0.12 0.00 0.00
1.00 0.00 0.00 0.00 0.00
0.12 0.00 0.00
1.00 0.00 0.00 0.00 0.00
0.12 0.00 0.00
0.00 1.00 0.00 0.00 0.50
0.12 0.00 0.00
1.00 0.00 0.00 0.00 0.00
0.12 1.00 0.23
0.00 0.00 1.00 0.00 0.00
0.12 1.00 0.22
1.00 0.00 0.00 0.00 0.00
0.12 0.00 0.00
1.00 0.00 0.00 0.00 0.00
0.12 0.00 0.00
0.00 0.00 1.00 0.00 0.00
0.12 0.00 0.00
0.00 0.00 0.00 1.00 0.00
0.12 1.00 0.22
0.00 0.00 1.00 0.00 0.00
0.09 0.84 0.23
0.00 0.00 0.00 1.00 0.00
0.09 0.00 0.00
1.00 0.00 0.00 0.00 0.00
0.09 0.33 0.14
0.00 0.00 0.00 1.00 0.00
0.01 1.00 0.44
0.00 0.00 0.00 1.00 0.00
0.01 1.00 0.44
0.00 1.00 0.00 0.00 0.35
0.01 1.00 0.37
0.00 0.00 1.00 0.00 0.00
0.01 1.00 0.12
1.00 0.00 0.00 0.00 0.00
0.01 0.94 0.28
0.00 0.00 1.00 0.00 0.00
0.01 0.40 0.18
0.00 0.00 0.00 1.00 0.00
0.01 0.00 0.00
0.00 0.00 1.00 0.00 0.00
0.01 0.00 0.00
1.00 0.00 0.00 0.00 0.00
0.01 0.00 0.00
0.00 1.00 0.00 0.00 0.40
0.01 0.00 0.00
0.00 0.00 1.00 0.00 0.00
0.01 0.00 0.00
0.00 0.00 1.00 0.00 0.00
0.01 0.00 0.00
0.00 0.00 0.00 1.00 0.00
0.01 0.13 0.32
0.00 0.00 1.00 0.00 0.00
0.01 0.00 0.00
1.00 0.00 0.00 0.00 0.00
0.01 0.00 0.00
0.00 1.00 0.00 0.00 0.55
0.01 0.00 0.00
0.00 0.00 1.00 0.00 0.00
0.01 0.47 0.46
0.00 0.00 1.00 0.00 0.00
0.01 0.00 0.00
0.00 1.00 0.00 0.00 0.52
0.01 0.00 0.00
0.00 0.00 1.00 0.00 0.00
0.01 0.00 0.00
0.00 0.00 1.00 0.00 0.00
0.01 0.00 0.00
0.00 0.00 0.00 1.00 0.00
0.01 0.00 0.00
0.00 0.00 0.00 1.00 0.00
0.01 0.00 0.00
0.00 1.00 0.00 0.00 0.54
0.01 0.00 0.00
1.00 0.00 0.00 0.00 0.00
0.01 0.00 0.00
0.00 0.00 1.00 0.00 0.00
0.01 0.00 0.00
0.00 1.00 0.00 0.00 0.30
0.01 0.00 0.00
0.00 0.00 1.00 0.00 0.00
0.01 0.00 0.00
0.00 0.00 1.00 0.00 0.00
0.01 0.00 0.00
0.00 0.00 1.00 0.00 0.00
0.01 0.00 0.00
0.00 0.00 0.00 1.00 0.00
0.01 0.33 0.38
0.00 1.00 0.00 0.00 0.50
0.01 0.33 0.38
0.00 0.00 1.00 0.00 0.00
0.01 0.00 0.00
0.00 0.00 1.00 0.00 0.00
0.01 0.00 0.00
0.00 1.00 0.00 0.00 0.27
0.01 0.00 0.00
0.00 0.00 1.00 0.00 0.00
0.01 0.00 0.00
0.00 1.00 0.00 0.00 0.60
0.01 0.00 0.00
0.00 0.00 1.00 0.00 0.00
0.01 0.00 0.00
0.00 0.00 1.00 0.00 0.00
0.01 1.00 0.14
0.00 0.00 1.00 0.00 0.00
0.01 1.00 0.14
0.00 0.00 1.00 0.00 0.00
0.01 1.00 0.14
0.00 1.00 0.00 0.00 0.67
0.01 1.00 0.14
0.00 0.00 1.00 0.00 0.00
0.01 1.00 0.14
0.00 0.00 1.00 0.00 0.00
0.01 1.00 0.14
0.00 0.00 1.00 0.00 0.00
0.69 1.00 1.00
1.00 0.00 0.00 0.00 0.00
0.69 1.00 0.45
1.00 0.00 0.00 0.00 0.00
0.64 1.00 0.15
0.00 1.00 0.00 0.00 0.00
0.64 1.00 0.15
0.00 1.00 0.00 0.00 0.02
0.64 1.00 0.15
1.00 0.00 0.00 0.00 0.00
0.64 0.90 0.31
0.00 1.00 0.00 0.00 0.42
0.64 0.65 0.31
0.00 0.00 1.00 0.00 0.00
0.53 0.00 0.00
1.00 0.00 0.00 0.00 0.00
0.53 0.85 0.29
0.00 1.00 0.00 0.00 0.48
0.53 0.60 0.29
1.00 0.00 0.00 0.00 0.00
0.53 0.50 0.01
0.00 0.00 1.00 0.00 0.00
0.53 0.00 0.00
0.00 0.00 0.00 1.00 0.00
0.53 0.27 0.12
0.00 1.00 0.00 0.00 0.40
0.53 1.00 0.45
0.00 1.00 0.00 0.00 0.55
0.53 0.61 0.48
0.00 0.00 1.00 0.00 0.00
0.53 0.00 0.00
1.00 0.00 0.00 0.00 0.00
0.53 1.00 0.78
0.00 1.00 0.00 0.00 0.64
0.53 0.95 0.74
0.00 0.00 1.00 0.00 0.00
0.53 0.70 0.74
0.00 0.00 1.00 0.00 0.00
0.53 0.45 0.74
0.00 0.00 1.00 0.00 0.00
0.53 0.20 0.63
0.00 0.00 1.00 0.00 0.00
0.53 0.16 0.61
0.00 1.00 0.00 0.00 0.62
0.53 0.08 0.61
0.00 0.00 1.00 0.00 0.00
0.53 1.00 0.50
1.00 0.00 0.00 0.00 0.00
0.53 1.00 0.06
1.00 0.00 0.00 0.00 0.00
0.53 1.00 0.54
0.00 1.00 0.00 0.00 0.59
0.53 1.00 0.54
0.00 0.00 1.00 0.00 0.00
0.53 1.00 0.54
0.00 0.00 1.00 0.00 0.00
0.53 1.00 0.54
0.00 0.00 0.00 1.00 0.00
0.53 0.37 0.60
0.00 0.00 1.00 0.00 0.00
0.53 0.19 0.53
0.00 0.00 1.00 0.00 0.00
0.53 0.15 0.34
0.00 1.00 0.00 0.00 0.48
0.53 0.10 0.32
0.00 0.00 0.00 1.00 0.00
0.53 0.06 0.30
0.00 0.00 1.00 0.00 0.00
0.53 1.00 1.00
0.00 1.00 0.00 0.00 0.69
0.53 1.00 1.00
1.00 0.00 0.00 0.00 0.00
0.53 1.00 0.38
0.00 0.00 0.00 1.00 0.00
0.53 1.00 0.39
0.00 1.00 0.00 0.00 0.70
0.53 1.00 0.40
0.00 1.00 0.00 0.00 0.72
0.53 1.00 0.59
0.00 1.00 0.00 0.00 0.48
0.53 0.75 0.58
0.00 0.00 1.00 0.00 0.00
0.65 0.00 0.00
1.00 0.00 0.00 0.00 0.00
0.65 0.00 0.00
0.00 1.00 0.00 0.00 0.74
0.65 0.94 0.16
0.00 0.00 1.00 0.00 0.00
0.65 0.70 0.16
1.00 0.00 0.00 0.00 0.00
0.65 1.00 0.19
0.00 0.00 1.00 0.00 0.00
0.65 1.00 0.19
1.00 0.00 0.00 0.00 0.00
0.65 1.00 0.08
0.00 1.00 0.00 0.00 0.40
0.65 1.00 0.08
0.00 0.00 0.00 1.00 0.00
0.65 1.00 0.03
0.00 0.00 1.00 0.00 0.00
0.65 1.00 0.02
0.00 0.00 1.00 0.00 0.00
0.65 1.00 0.19
0.00 0.00 0.00 1.00 0.00
0.65 1.00 0.20
0.00 1.00 0.00 0.00 0.35
0.65 0.51 0.17
0.00 0.00 1.00 0.00 0.00
0.65 0.00 0.00
0.00 1.00 0.00 0.00 0.28
0.65 0.00 0.00
0.00 0.00 0.00 1.00 0.00
0.65 0.29 0.41
0.00 1.00 0.00 0.00 0.45
0.65 0.22 0.41
0.00 0.00 0.00 1.00 0.00
0.65 0.00 0.00
0.00 0.00 1.00 0.00 0.00
0.65 0.00 0.00
0.00 0.00 1.00 0.00 0.00
0.65 0.00 0.00
0.00 1.00 0.00 0.00 0.33
0.65 0.00 0.00
0.00 1.00 0.00 0.00 0.64
0.65 0.00 0.00
0.00 0.00 1.00 0.00 0.00
0.65 1.00 0.09
0.00 0.00 0.00 1.00 0.00
0.65 1.00 0.44
0.00 1.00 0.00 0.00 0.72
0.65 0.89 0.42
0.00 0.00 1.00 0.00 0.00
0.65 0.17 0.41
0.00 0.00 1.00 0.00 0.00
0.65 0.03 0.36
1.00 0.00 0.00 0.00 0.00
0.65 0.01 0.41
0.00 1.00 0.00 0.00 0.52
0.65 0.85 0.37
0.00 0.00 1.00 0.00 0.00
0.65 0.76 0.31
0.00 0.00 0.00 1.00 0.00
0.62 0.73 0.09
0.00 1.00 0.00 0.00 0.07
0.62 0.73 0.03
0.00 0.00 0.00 1.00 0.00
0.62 0.70 0.32
0.00 0.00 0.00 1.00 0.00
0.62 1.00 0.51
0.00 1.00 0.00 0.00 0.47
0.62 0.61 0.24
0.00 0.00 1.00 0.00 0.00
0.62 0.61 0.22
0.00 0.00 0.00 1.00 0.00
0.62 0.00 0.00
0.00 1.00 0.00 0.00 0.47
0.62 0.00 0.00
1.00 0.00 0.00 0.00 0.00
0.62 0.00 0.00
0.00 0.00 1.00 0.00 0.00
0.62 0.00 0.00
0.00 1.00 0.00 0.00 0.50
0.62 0.00 0.00
0.00 0.00 1.00 0.00 0.00
0.62 0.00 0.00
1.00 0.00 0.00 0.00 0.00
0.62 0.00 0.00
0.00 1.00 0.00 0.00 0.55
0.62 0.89 0.23
0.00 0.00 1.00 0.00 0.00
0.62 0.00 0.00
0.00 1.00 0.00 0.00 1.00
0.62 0.00 0.00
0.00 0.00 1.00 0.00 0.00
0.62 0.75 0.55
0.00 1.00 0.00 0.00 0.60
0.62 0.25 0.50
0.00 0.00 1.00 0.00 0.00
0.63 1.00 0.62
1.00 0.00 0.00 0.00 0.00
0.63 1.00 0.18
0.00 1.00 0.00 0.00 0.67
0.63 1.00 0.19
0.00 0.00 0.00 1.00 0.00
0.63 1.00 0.13
0.00 0.00 1.00 0.00 0.00
0.63 1.00 0.12
0.00 0.00 0.00 1.00 0.00
0.63 0.00 0.00
0.00 0.00 1.00 0.00 0.00
0.63 0.00 0.00
0.00 0.00 1.00 0.00 0.00
0.63 0.00 0.00
0.00 1.00 0.00 0.00 0.55
0.63 0.00 0.00
0.00 0.00 1.00 0.00 0.00
0.63 0.00 0.00
0.00 0.00 1.00 0.00 0.00
0.63 1.00 0.17
1.00 0.00 0.00 0.00 0.00
0.63 0.00 0.00
1.00 0.00 0.00 0.00 0.00
0.63 1.00 0.22
0.00 1.00 0.00 0.00 0.37
0.63 1.00 0.22
0.00 0.00 1.00 0.00 0.00
0.63 0.00 0.00
1.00 0.00 0.00 0.00 0.00
0.63 0.00 0.00
0.00 1.00 0.00 0.00 0.42
0.63 0.00 0.00
0.00 0.00 1.00 0.00 0.00
0.63 0.00 0.00
0.00 1.00 0.00 0.00 0.55
0.63 0.00 0.00
1.00 0.00 0.00 0.00 0.00
0.63 0.00 0.00
0.00 0.00 1.00 0.00 0.00
0.63 0.00 0.00
0.00 0.00 1.00 0.00 0.00
0.63 0.00 0.00
0.00 1.00 0.00 0.00 0.64
0.63 0.00 0.00
0.00 0.00 1.00 0.00 0.00
0.63 1.00 0.06
0.00 0.00 0.00 1.00 0.00
0.63 0.00 0.00
1.00 0.00 0.00 0.00 0.00
0.63 1.00 0.08
0.00 0.00 0.00 1.00 0.00
0.63 0.00 0.00
1.00 0.00 0.00 0.00 0.00
0.63 0.00 0.00
0.00 1.00 0.00 0.00 0.44
0.63 0.00 0.00
0.00 0.00 1.00 0.00 0.00
0.63 0.00 0.00
0.00 0.00 1.00 0.00 0.00
0.63 0.00 0.00
0.00 0.00 0.00 1.00 0.00
0.63 0.00 0.00
0.00 1.00 0.00 0.00 0.64
0.63 0.00 0.00
0.00 0.00 0.00 1.00 0.00
0.63 0.00 0.00
0.00 0.00 1.00 0.00 0.00
0.63 1.00 0.24
0.00 1.00 0.00 0.00 0.37
0.63 1.00 0.17
0.00 0.00 0.00 1.00 0.00
0.63 1.00 0.06
0.00 0.00 1.00 0.00 0.00
0.63 1.00 0.27
0.00 0.00 1.00 0.00 0.00
0.63 0.96 0.27
0.00 0.00 0.00 1.00 0.00
0.63 1.00 0.26
0.00 0.00 0.00 1.00 0.00
0.63 0.00 0.00
0.00 1.00 0.00 0.00 0.72
0.63 0.00 0.00
0.00 0.00 1.00 0.00 0.00
0.63 0.67 0.22
0.00 0.00 0.00 1.00 0.00
0.63 0.00 0.00
0.00 1.00 0.00 0.00 0.43
0.63 0.00 0.00
0.00 0.00 1.00 0.00 0.00
0.63 0.00 0.00
0.00 0.00 1.00 0.00 0.00
0.63 0.00 0.00
1.00 0.00 0.00 0.00 0.00
0.63 1.00 0.20
0.00 1.00 0.00 0.00 0.65
0.63 1.00 0.20
0.00 0.00 0.00 1.00 0.00
0.63 1.00 0.45
0.00 0.00 1.00 0.00 0.00
0.63 0.74 0.29
0.00 0.00 1.00 0.00 0.00
0.63 0.68 0.29
0.00 0.00 0.00 1.00 0.00
0.63 0.00 0.00
0.00 1.00 0.00 0.00 0.53
0.63 0.00 0.00
0.00 0.00 1.00 0.00 0.00
0.63 0.00 0.00
0.00 0.00 0.00 1.00 0.00
0.63 0.00 0.00
0.00 1.00 0.00 0.00 0.17
0.63 0.00 0.00
0.00 1.00 0.00 0.00 0.18
0.58 0.00 0.00
0.00 1.00 0.00 0.00 0.15
0.58 0.00 0.00
0.00 0.00 0.00 1.00 0.00
0.58 0.42 0.29
0.00 1.00 0.00 0.00 0.42
0.58 0.42 0.26
0.00 0.00 1.00 0.00 0.00
0.53 0.31 0.22
1.00 0.00 0.00 0.00 0.00
0.53 0.31 0.22
0.00 1.00 0.00 0.00 0.02
0.53 1.00 0.04
0.00 1.00 0.00 0.00 0.32
0.53 1.00 0.04
0.00 0.00 1.00 0.00 0.00
0.53 1.00 0.04
0.00 0.00 0.00 1.00 0.00
0.53 0.00 0.00
0.00 0.00 0.00 1.00 0.00
0.53 0.00 0.00
0.00 1.00 0.00 0.00 0.54
0.53 0.00 0.00
0.00 0.00 1.00 0.00 0.00
0.53 0.00 0.00
0.00 0.00 1.00 0.00 0.00
0.44 0.00 0.00
0.00 0.00 0.00 1.00 0.00
0.44 0.00 0.00
0.00 1.00 0.00 0.00 0.57
0.44 0.00 0.00
0.00 0.00 0.00 1.00 0.00
0.44 0.78 0.16
1.00 0.00 0.00 0.00 0.00
0.44 0.75 0.24
0.00 1.00 0.00 0.00 0.38
0.44 0.00 0.00
0.00 0.00 1.00 0.00 0.00
0.44 0.00 0.00
0.00 1.00 0.00 0.00 0.49
0.44 0.00 0.00
0.00 0.00 0.00 1.00 0.00
0.44 0.43 0.29
0.00 1.00 0.00 0.00 0.55
0.44 0.41 0.31
0.00 0.00 1.00 0.00 0.00
0.41 0.38 0.25
1.00 0.00 0.00 0.00 0.00
0.41 0.38 0.25
0.00 1.00 0.00 0.00 0.03
0.41 0.38 0.24
0.00 1.00 0.00 0.00 0.02
0.34 0.00 0.00
0.00 1.00 0.00 0.00 0.30
0.34 0.00 0.00
0.00 0.00 1.00 0.00 0.00
0.34 0.00 0.00
1.00 0.00 0.00 0.00 0.00
0.34 0.00 0.00
0.00 1.00 0.00 0.00 0.45
0.34 0.00 0.00
0.00 0.00 0.00 1.00 0.00
0.34 0.28 0.43
0.00 0.00 1.00 0.00 0.00
0.34 0.28 0.17
0.00 0.00 0.00 1.00 0.00
0.34 0.00 0.00
0.00 1.00 0.00 0.00 0.49
0.34 0.00 0.00
0.00 0.00 1.00 0.00 0.00
0.34 1.00 0.24
0.00 0.00 1.00 0.00 0.00
0.34 0.63 0.24
0.00 1.00 0.00 0.00 0.30
0.34 0.00 0.00
0.00 1.00 0.00 0.00 0.57
0.36 1.00 0.29
0.00 1.00 0.00 0.00 0.77
0.36 1.00 0.29
0.00 0.00 1.00 0.00 0.00
0.36 1.00 0.29
0.00 0.00 1.00 0.00 0.00
0.36 1.00 0.29
0.00 0.00 1.00 0.00 0.00
0.36 1.00 0.29
0.00 0.00 1.00 0.00 0.00
0.36 1.00 0.33
0.00 1.00 0.00 0.00 0.75
0.36 1.00 0.21
0.00 1.00 0.00 0.00 0.39
0.35 1.00 0.27
0.00 0.00 1.00 0.00 0.00
0.35 0.00 0.00
0.00 0.00 0.00 1.00 0.00
0.35 0.00 0.00
0.00 1.00 0.00 0.00 0.20
0.35 1.00 0.28
0.00 1.00 0.00 0.00 0.22
0.35 1.00 0.42
0.00 0.00 1.00 0.00 0.00
0.35 1.00 0.41
1.00 0.00 0.00 0.00 0.00
0.35 1.00 0.41
0.00 1.00 0.00 0.00 0.47
0.35 1.00 0.41
0.00 1.00 0.00 0.00 0.48
0.35 0.00 0.00
0.00 0.00 1.00 0.00 0.00
0.35 1.00 0.39
0.00 0.00 1.00 0.00 0.00
0.35 1.00 0.39
0.00 0.00 1.00 0.00 0.00
0.35 1.00 0.52
0.00 0.00 0.00 1.00 0.00
0.35 1.00 0.32
0.00 1.00 0.00 0.00 0.49
0.35 1.00 0.20
1.00 0.00 0.00 0.00 0.00
0.35 1.00 0.20
0.00 1.00 0.00 0.00 0.32
0.35 1.00 0.19
0.00 1.00 0.00 0.00 0.33
0.35 1.00 0.21
0.00 0.00 1.00 0.00 0.00
0.35 1.00 0.27
0.00 0.00 0.00 1.00 0.00
0.35 0.00 0.00
0.00 0.00 0.00 1.00 0.00
0.35 1.00 0.26
0.00 1.00 0.00 0.00 0.43
0.35 1.00 0.26
0.00 0.00 1.00 0.00 0.00
1.00 1.00 0.44
0.00 1.00 0.00 0.00 0.67
1.00 1.00 0.44
0.00 0.00 1.00 0.00 0.00
1.00 1.00 0.64
0.00 0.00 1.00 0.00 0.00
1.00 1.00 0.41
1.00 0.00 0.00 0.00 0.00
1.00 1.00 0.41
0.00 1.00 0.00 0.00 0.07
1.00 1.00 0.22
0.00 1.00 0.00 0.00 0.55
1.00 0.67 0.22
0.00 0.00 1.00 0.00 0.00
1.00 0.00 0.00
1.00 0.00 0.00 0.00 0.00
1.00 0.00 0.00
0.00 1.00 0.00 0.00 0.18
1.00 0.00 0.00
0.00 1.00 0.00 0.00 0.20
1.00 0.00 0.00
0.00 0.00 1.00 0.00 0.00
1.00 1.00 0.27
0.00 0.00 1.00 0.00 0.00
1.00 1.00 0.27
0.00 0.00 0.00 1.00 0.00
1.00 1.00 0.37
0.00 1.00 0.00 0.00 0.65
1.00 1.00 0.21
0.00 1.00 0.00 0.00 0.40
1.00 0.94 0.18
1.00 0.00 0.00 0.00 0.00
1.00 0.50 0.19
0.00 0.00 1.00 0.00 0.00
1.00 0.90 0.20
0.00 0.00 0.00 1.00 0.00
1.00 0.00 0.00
0.00 0.00 0.00 1.00 0.00
1.00 0.00 0.00
0.00 1.00 0.00 0.00 0.50
1.00 0.00 0.00
0.00 0.00 0.00 1.00 0.00
1.00 0.76 0.20
0.00 1.00 0.00 0.00 0.45
1.00 0.75 0.20
0.00 0.00 0.00 1.00 0.00
1.00 0.59 0.08
0.00 0.00 1.00 0.00 0.00
1.00 0.00 0.00
1.00 0.00 0.00 0.00 0.00
1.00 0.00 0.00
0.00 1.00 0.00 0.00 0.03
1.00 0.00 0.00
0.00 1.00 0.00 0.00 0.50
1.00 0.00 0.00
0.00 0.00 1.00 0.00 0.00
1.00 0.00 0.00
0.00 0.00 1.00 0.00 0.00
1.00 0.00 0.00
0.00 1.00 0.00 0.00 0.32
1.00 1.00 0.40
0.00 1.00 0.00 0.00 0.62
1.00 1.00 0.40
0.00 0.00 1.00 0.00 0.00
1.00 1.00 0.20
0.00 1.00 0.00 0.00 0.47
1.00 1.00 0.20
1.00 0.00 0.00 0.00 0.00
1.00 1.00 0.18
0.00 0.00 1.00 0.00 0.00
1.00 1.00 0.18
0.00 0.00 1.00 0.00 0.00
1.00 1.00 0.18
0.00 0.00 1.00 0.00 0.00
0.95 1.00 0.06
0.00 0.00 1.00 0.00 0.00
0.95 0.20 0.06
1.00 0.00 0.00 0.00 0.00
0.95 0.25 0.12
0.00 1.00 0.00 0.00 0.30
0.95 0.00 0.00
0.00 0.00 0.00 1.00 0.00
0.95 0.00 0.00
0.00 1.00 0.00 0.00 0.45
0.95 0.00 0.00
0.00 0.00 1.00 0.00 0.00
0.95 1.00 0.10
0.00 1.00 0.00 0.00 0.50
0.95 0.13 0.11
0.00 0.00 1.00 0.00 0.00
0.95 1.00 0.05
0.00 0.00 0.00 1.00 0.00
0.95 0.00 0.00
0.00 0.00 0.00 1.00 0.00
0.95 1.00 0.52
0.00 1.00 0.00 0.00 0.52
0.95 1.00 0.33
0.00 0.00 0.00 1.00 0.00
0.95 1.00 0.33
0.00 1.00 0.00 0.00 0.47
0.95 0.87 0.50
0.00 0.00 1.00 0.00 0.00
0.95 0.72 0.41
0.00 0.00 1.00 0.00 0.00
0.95 0.53 0.26
0.00 0.00 0.00 1.00 0.00
0.95 0.50 0.45
0.00 0.00 0.00 1.00 0.00
0.95 1.00 0.41
0.00 1.00 0.00 0.00 0.37
0.95 1.00 0.41
0.00 0.00 0.00 1.00 0.00
0.95 0.60 0.47
0.00 1.00 0.00 0.00 0.52
0.95 0.60 0.45
1.00 0.00 0.00 0.00 0.00
0.95 0.59 0.42
0.00 0.00 1.00 0.00 0.00
0.95 0.52 0.39
0.00 0.00 1.00 0.00 0.00
0.95 0.78 0.31
0.00 0.00 0.00 1.00 0.00
0.95 1.00 0.22
0.00 1.00 0.00 0.00 0.48
0.95 1.00 0.22
0.00 0.00 1.00 0.00 0.00
0.95 1.00 0.22
0.00 0.00 0.00 1.00 0.00
0.95 1.00 0.27
0.00 0.00 0.00 1.00 0.00
0.95 0.00 0.00
0.00 0.00 1.00 0.00 0.00
0.95 0.00 0.00
1.00 0.00 0.00 0.00 0.00
0.95 0.52 0.32
0.00 1.00 0.00 0.00 0.42
0.95 0.52 0.26
0.00 0.00 1.00 0.00 0.00
0.95 0.51 0.20
0.00 0.00 0.00 1.00 0.00
0.95 0.41 0.33
0.00 0.00 0.00 1.00 0.00
0.95 0.38 0.26
0.00 1.00 0.00 0.00 0.47
0.95 0.38 0.26
0.00 0.00 1.00 0.00 0.00
0.95 0.38 0.35
0.00 0.00 0.00 1.00 0.00
0.95 0.28 0.22
0.00 1.00 0.00 0.00 0.47
0.95 0.21 0.26
0.00 0.00 1.00 0.00 0.00
0.95 0.02 0.22
0.00 1.00 0.00 0.00 0.33
0.95 0.33 0.10
0.00 0.00 1.00 0.00 0.00
0.92 0.27 0.07
1.00 0.00 0.00 0.00 0.00
0.92 0.00 0.00
0.00 1.00 0.00 0.00 0.47
0.92 0.00 0.00
0.00 0.00 1.00 0.00 0.00
0.92 0.00 0.00
1.00 0.00 0.00 0.00 0.00
0.92 0.00 0.00
0.00 1.00 0.00 0.00 0.42
0.92 0.00 0.00
0.00 0.00 0.00 1.00 0.00
0.92 0.11 0.32
0.00 0.00 1.00 0.00 0.00
0.92 0.00 0.00
0.00 0.00 0.00 1.00 0.00
0.92 0.00 0.00
0.00 1.00 0.00 0.00 0.28
0.92 0.00 0.00
0.00 1.00 0.00 0.00 0.52
0.92 0.00 0.00
0.00 0.00 1.00 0.00 0.00
0.92 1.00 0.58
0.00 1.00 0.00 0.00 1.00
0.92 0.50 0.55
0.00 0.00 1.00 0.00 0.00
1.00 1.00 0.41
0.00 1.00 0.00 0.00 0.74
1.00 1.00 0.39
0.00 0.00 0.00 1.00 0.00
1.00 0.99 0.58
0.00 0.00 1.00 0.00 0.00
1.00 0.94 0.46
0.00 0.00 1.00 0.00 0.00
1.00 0.92 0.46
0.00 0.00 0.00 1.00 0.00
1.00 0.90 0.54
0.00 0.00 0.00 1.00 0.00
0.94 0.90 0.25
0.00 0.00 0.00 1.00 0.00
0.94 0.90 0.25
0.00 0.00 0.00 1.00 0.00
0.94 0.90 0.25
0.00 0.00 1.00 0.00 0.00
0.82 0.88 0.05
0.00 0.00 0.00 1.00 0.00
0.82 0.99 0.20
0.00 0.00 0.00 1.00 0.00
0.82 0.99 0.74
0.00 0.00 0.00 1.00 0.00
0.82 0.99 0.89
0.00 1.00 0.00 0.00 0.67
0.82 0.97 0.89
0.00 0.00 1.00 0.00 0.00
0.82 0.87 0.87
0.00 0.00 1.00 0.00 0.00
0.82 0.92 0.81
0.00 0.00 0.00 1.00 0.00
0.82 0.92 1.00
0.00 0.00 0.00 1.00 0.00
0.82 0.91 1.00
0.00 1.00 0.00 0.00 0.80
0.82 0.91 1.00
1.00 0.00 0.00 0.00 0.00
0.82 0.86 0.88
0.00 1.00 0.00 0.00 0.62
0.82 0.86 0.88
0.00 0.00 1.00 0.00 0.00
0.82 0.85 0.88
0.00 0.00 1.00 0.00 0.00
0.82 0.81 0.88
0.00 1.00 0.00 0.00 0.07
0.82 0.81 0.88
0.00 0.00 1.00 0.00 0.00
0.82 0.91 0.07
0.00 1.00 0.00 0.00 0.55
0.82 0.91 0.13
0.00 0.00 1.00 0.00 0.00
0.82 0.88 0.13
0.00 0.00 0.00 1.00 0.00
0.82 0.88 0.41
0.00 0.00 1.00 0.00 0.00
0.82 0.72 0.37
0.00 0.00 1.00 0.00 0.00
0.82 0.70 0.36
1.00 0.00 0.00 0.00 0.00
0.82 0.70 0.25
0.00 1.00 0.00 0.00 0.37
0.82 0.69 0.28
0.00 0.00 0.00 1.00 0.00
0.82 0.69 0.69
0.00 0.00 1.00 0.00 0.00
0.76 0.64 0.69
0.00 0.00 1.00 0.00 0.00
0.76 0.88 0.66
0.00 0.00 1.00 0.00 0.00
0.76 0.88 0.54
0.00 0.00 0.00 1.00 0.00
0.76 0.88 0.59
0.00 0.00 0.00 1.00 0.00
0.76 0.57 0.52
0.00 0.00 1.00 0.00 0.00
0.76 0.56 0.52
0.00 0.00 0.00 1.00 0.00
0.76 0.56 0.63
0.00 1.00 0.00 0.00 0.57
0.76 0.56 0.63
0.00 0.00 1.00 0.00 0.00
0.76 0.51 0.63
0.00 0.00 1.00 0.00 0.00
0.76 0.50 0.47
0.00 0.00 1.00 0.00 0.00
0.76 0.50 0.47
0.00 0.00 0.00 1.00 0.00
0.76 0.50 0.72
0.00 1.00 0.00 0.00 0.74
0.76 0.50 0.72
0.00 0.00 1.00 0.00 0.00
0.76 0.45 0.55
0.00 0.00 1.00 0.00 0.00
0.76 0.41 0.08
0.00 0.00 0.00 1.00 0.00
0.76 0.37 0.42
0.00 0.00 0.00 1.00 0.00
0.76 0.37 0.61
0.00 0.00 1.00 0.00 0.00
0.76 0.33 0.39
0.00 0.00 1.00 0.00 0.00
0.76 0.32 0.37
0.00 0.00 0.00 1.00 0.00
0.76 0.32 0.43
0.00 1.00 0.00 0.00 0.50
0.76 0.32 0.42
0.00 0.00 0.00 1.00 0.00
0.76 0.32 0.63
0.00 0.00 1.00 0.00 0.00
0.67 0.32 0.45
0.00 0.00 0.00 1.00 0.00
0.60 0.32 0.59
0.00 1.00 0.00 0.00 0.26
0.50 0.32 0.59
0.00 0.00 0.00 1.00 0.00
0.50 0.31 0.86
0.00 1.00 0.00 0.00 0.35
0.50 0.31 0.57
0.00 0.00 1.00 0.00 0.00
0.35 0.26 0.31
1.00 0.00 0.00 0.00 0.00
0.35 0.26 0.38
0.00 0.00 1.00 0.00 0.00
0.35 0.23 0.33
0.00 0.00 0.00 1.00 0.00
0.35 0.20 0.64
0.00 0.00 0.00 1.00 0.00
0.35 0.87 0.91
0.00 0.00 1.00 0.00 0.00
0.35 0.87 0.91
0.00 0.00 0.00 1.00 0.00
0.35 0.16 0.97
0.00 0.00 1.00 0.00 0.00
0.35 0.16 0.78
0.00 0.00 0.00 1.00 0.00
0.35 0.15 0.84
0.00 0.00 0.00 1.00 0.00
0.35 0.15 0.63
0.00 1.00 0.00 0.00 0.55
0.35 0.15 0.56
0.00 0.00 1.00 0.00 0.00
0.31 0.09 0.17
0.00 0.00 0.00 1.00 0.00
0.31 0.09 0.52
0.00 0.00 1.00 0.00 0.00
0.31 0.04 0.50
0.00 0.00 1.00 0.00 0.00
0.31 0.00 0.00
1.00 0.00 0.00 0.00 0.00
0.31 0.00 0.00
0.00 0.00 0.00 1.00 0.00
0.31 0.87 0.73
0.00 0.00 0.00 1.00 0.00
0.31 0.87 0.48
1.00 0.00 0.00 0.00 0.00
0.31 0.87 0.23
1.00 0.00 0.00 0.00 0.00
0.31 0.86 0.24
1.00 0.00 0.00 0.00 0.00
0.31 0.85 0.33
0.00 1.00 0.00 0.00 0.54
0.31 0.84 0.49
0.00 0.00 1.00 0.00 0.00
0.31 0.81 0.44
1.00 0.00 0.00 0.00 0.00
0.31 0.81 0.25
0.00 0.00 1.00 0.00 0.00
0.31 0.76 0.25
1.00 0.00 0.00 0.00 0.00
0.31 0.75 0.27
0.00 0.00 1.00 0.00 0.00
0.31 0.75 0.35
1.00 0.00 0.00 0.00 0.00
0.31 0.75 0.54
0.00 1.00 0.00 0.00 0.47
0.31 0.73 0.59
0.00 0.00 1.00 0.00 0.00
0.31 0.73 0.52
1.00 0.00 0.00 0.00 0.00
0.31 0.73 0.61
0.00 0.00 0.00 1.00 0.00
0.31 0.73 0.82
0.00 0.00 1.00 0.00 0.00
0.31 0.73 0.81
0.00 0.00 0.00 1.00 0.00
0.31 0.73 0.81
0.00 0.00 1.00 0.00 0.00
0.31 0.72 0.85
0.00 0.00 0.00 1.00 0.00
0.31 0.72 0.78
1.00 0.00 0.00 0.00 0.00
0.31 0.72 0.65
0.00 0.00 1.00 0.00 0.00
0.31 0.71 0.54
0.00 1.00 0.00 0.00 0.43
0.31 0.71 0.54
1.00 0.00 0.00 0.00 0.00
0.25 0.71 0.62
0.00 1.00 0.00 0.00 0.00
0.25 0.71 0.62
0.00 1.00 0.00 0.00 0.02
0.25 0.71 0.62
1.00 0.00 0.00 0.00 0.00
0.25 0.71 0.37
0.00 1.00 0.00 0.00 0.40
0.25 0.71 0.38
1.00 0.00 0.00 0.00 0.00
0.25 0.71 0.42
0.00 0.00 1.00 0.00 0.00
0.25 0.71 0.78
0.00 1.00 0.00 0.00 0.50
0.25 0.71 0.78
0.00 0.00 1.00 0.00 0.00
0.25 0.70 0.78
0.00 0.00 0.00 1.00 0.00
0.25 0.70 0.90
1.00 0.00 0.00 0.00 0.00
0.25 0.70 0.64
0.00 0.00 1.00 0.00 0.00
0.25 0.70 0.65
1.00 0.00 0.00 0.00 0.00
0.25 0.70 0.52
1.00 0.00 0.00 0.00 0.00
0.25 0.70 0.29
0.00 1.00 0.00 0.00 0.33
0.25 0.70 0.29
0.00 0.00 0.00 1.00 0.00
0.25 0.70 0.25
0.00 0.00 1.00 0.00 0.00
0.25 0.69 0.25
1.00 0.00 0.00 0.00 0.00
0.19 0.69 0.18
0.00 0.00 1.00 0.00 0.00
0.12 0.67 0.18
1.00 0.00 0.00 0.00 0.00
0.12 0.66 0.15
0.00 0.00 0.00 1.00 0.00
0.12 0.66 0.27
0.00 0.00 1.00 0.00 0.00
0.12 0.66 0.58
0.00 0.00 0.00 1.00 0.00
0.12 0.66 0.70
1.00 0.00 0.00 0.00 0.00
0.12 0.66 0.79
0.00 0.00 1.00 0.00 0.00
0.12 0.66 0.63
1.00 0.00 0.00 0.00 0.00
0.12 0.66 0.38
0.00 1.00 0.00 0.00 0.47
0.12 0.66 0.38
0.00 0.00 0.00 1.00 0.00
0.12 0.66 0.53
0.00 0.00 1.00 0.00 0.00
0.12 0.66 0.53
1.00 0.00 0.00 0.00 0.00
0.12 0.66 0.36
0.00 0.00 1.00 0.00 0.00
0.12 0.66 0.50
0.00 1.00 0.00 0.00 0.49
0.12 0.66 0.51
0.00 0.00 0.00 1.00 0.00
0.12 0.65 0.33
0.00 0.00 1.00 0.00 0.00
0.12 0.63 0.28
0.00 0.00 0.00 1.00 0.00
0.12 0.63 0.32
1.00 0.00 0.00 0.00 0.00
0.07 0.62 0.37
0.00 1.00 0.00 0.00 0.48
0.07 0.62 0.37
0.00 0.00 0.00 1.00 0.00
0.07 0.62 0.67
0.00 1.00 0.00 0.00 0.50
0.07 0.61 0.65
0.00 0.00 1.00 0.00 0.00
0.07 0.60 0.62
1.00 0.00 0.00 0.00 0.00
0.07 0.60 0.63
0.00 0.00 1.00 0.00 0.00
0.07 0.60 0.60
1.00 0.00 0.00 0.00 0.00
0.07 0.60 0.68
0.00 1.00 0.00 0.00 0.42
0.07 0.60 0.68
0.00 0.00 0.00 1.00 0.00
0.07 0.60 0.60
1.00 0.00 0.00 0.00 0.00
0.07 0.60 0.76
0.00 1.00 0.00 0.00 0.72
0.07 0.59 0.83
0.00 0.00 1.00 0.00 0.00
0.07 0.52 0.92
0.00 0.00 1.00 0.00 0.00
0.07 0.52 0.94
0.00 0.00 0.00 1.00 0.00
0.07 0.51 1.00
1.00 0.00 0.00 0.00 0.00
0.07 0.51 0.82
1.00 0.00 0.00 0.00 0.00
0.07 0.51 0.60
0.00 0.00 0.00 1.00 0.00
0.07 0.51 0.71
1.00 0.00 0.00 0.00 0.00
0.07 0.51 0.82
0.00 1.00 0.00 0.00 0.57
0.07 0.51 0.85
0.00 0.00 1.00 0.00 0.00
0.07 0.51 0.82
1.00 0.00 0.00 0.00 0.00
0.07 0.51 0.70
1.00 0.00 0.00 0.00 0.00
0.07 0.51 0.33
1.00 0.00 0.00 0.00 0.00
0.07 0.51 0.35
0.00 1.00 0.00 0.00 0.42
0.07 0.50 0.40
0.00 0.00 1.00 0.00 0.00
0.07 0.50 0.56
0.00 0.00 1.00 0.00 0.00
0.07 0.50 0.55
1.00 0.00 0.00 0.00 0.00
0.07 0.50 0.29
0.00 1.00 0.00 0.00 0.37
0.07 0.50 0.29
0.00 0.00 0.00 1.00 0.00
0.07 0.50 0.52
1.00 0.00 0.00 0.00 0.00
0.07 0.50 0.52
0.00 1.00 0.00 0.00 0.06
0.07 0.50 0.57
0.00 1.00 0.00 0.00 0.60
0.07 0.49 0.57
1.00 0.00 0.00 0.00 0.00
0.07 0.49 0.43
0.00 0.00 1.00 0.00 0.00
0.07 0.48 0.43
1.00 0.00 0.00 0.00 0.00
0.07 0.48 0.52
0.00 0.00 0.00 1.00 0.00
0.07 0.48 0.69
0.00 0.00 1.00 0.00 0.00
0.07 0.42 0.73
0.00 0.00 0.00 1.00 0.00
0.07 0.42 1.00
0.00 0.00 0.00 1.00 0.00
0.07 0.42 1.00
0.00 0.00 1.00 0.00 0.00
0.07 0.42 1.00
1.00 0.00 0.00 0.00 0.00
0.07 0.41 1.00
1.00 0.00 0.00 0.00 0.00
0.07 0.41 0.91
1.00 0.00 0.00 0.00 0.00
0.07 0.41 0.95
1.00 0.00 0.00 0.00 0.00
0.07 0.41 0.86
1.00 0.00 0.00 0.00 0.00
0.07 0.41 0.65
0.00 1.00 0.00 0.00 0.52
0.07 0.41 0.65
0.00 0.00 1.00 0.00 0.00
0.07 0.32 0.56
0.00 0.00 1.00 0.00 0.00
0.07 0.32 0.56
0.00 0.00 0.00 1.00 0.00
0.07 0.32 0.72
0.00 0.00 0.00 1.00 0.00
0.07 0.32 0.73
0.00 0.00 0.00 1.00 0.00
0.07 0.32 0.99
1.00 0.00 0.00 0.00 0.00
0.07 0.32 0.74
1.00 0.00 0.00 0.00 0.00
0.07 0.32 0.57
0.00 1.00 0.00 0.00 0.50
0.07 0.31 0.62
0.00 0.00 1.00 0.00 0.00
0.07 0.31 0.64
0.00 0.00 0.00 1.00 0.00
0.07 0.30 0.82
0.00 0.00 1.00 0.00 0.00
0.07 0.30 0.82
1.00 0.00 0.00 0.00 0.00
0.07 0.30 0.46
0.00 0.00 1.00 0.00 0.00
0.07 0.27 0.55
0.00 1.00 0.00 0.00 0.45
0.07 0.26 0.57
0.00 0.00 1.00 0.00 0.00
0.00 0.26 0.63
1.00 0.00 0.00 0.00 0.00
0.00 0.25 0.49
1.00 0.00 0.00 0.00 0.00
0.00 0.25 0.60
0.00 1.00 0.00 0.00 0.15
0.50 0.25 0.48
0.00 1.00 0.00 0.00 0.45
0.50 0.22 0.53
0.00 0.00 1.00 0.00 0.00
0.50 0.22 0.34
1.00 0.00 0.00 0.00 0.00
0.50 0.21 0.14
0.00 0.00 1.00 0.00 0.00
0.50 0.20 0.05
0.00 0.00 0.00 1.00 0.00
0.50 0.20 0.40
0.00 0.00 1.00 0.00 0.00
0.50 0.11 0.40
1.00 0.00 0.00 0.00 0.00
0.50 0.11 0.23
0.00 1.00 0.00 0.00 0.13
0.50 0.09 0.19
0.00 0.00 1.00 0.00 0.00
0.96 1.00 0.67
1.00 0.00 0.00 0.00 0.00
0.96 1.00 0.42
0.00 1.00 0.00 0.00 0.64
0.96 1.00 0.42
0.00 0.00 0.00 1.00 0.00
0.96 0.94 0.66
0.00 0.00 1.00 0.00 0.00
0.96 0.92 0.66
0.00 0.00 1.00 0.00 0.00
0.96 0.89 0.66
0.00 0.00 1.00 0.00 0.00
0.96 0.86 0.72
0.00 1.00 0.00 0.00 0.89
0.96 0.86 0.72
0.00 0.00 0.00 1.00 0.00
0.92 0.86 0.92
1.00 0.00 0.00 0.00 0.00
0.92 0.86 0.91
0.00 1.00 0.00 0.00 0.55
0.90 0.80 0.64
0.00 0.00 1.00 0.00 0.00
0.85 0.50 0.64
1.00 0.00 0.00 0.00 0.00
0.85 0.43 0.70
0.00 1.00 0.00 0.00 0.52
0.85 0.42 0.69
1.00 0.00 0.00 0.00 0.00
0.85 0.39 0.66
0.00 1.00 0.00 0.00 0.60
0.85 0.35 0.65
1.00 0.00 0.00 0.00 0.00
0.85 0.35 0.65
1.00 0.00 0.00 0.00 0.00
0.85 0.32 0.17
0.00 1.00 0.00 0.00 0.40
0.85 0.24 0.17
0.00 0.00 1.00 0.00 0.00
0.85 0.02 0.19
0.00 0.00 1.00 0.00 0.00
0.87 1.00 0.39
0.00 1.00 0.00 0.00 0.52
0.87 0.96 0.35
0.00 0.00 1.00 0.00 0.00
0.87 0.70 0.35
1.00 0.00 0.00 0.00 0.00
0.87 0.69 0.23
0.00 0.00 1.00 0.00 0.00
0.87 0.54 0.20
0.00 0.00 1.00 0.00 0.00
0.87 0.38 0.21
0.00 0.00 1.00 0.00 0.00
0.87 0.23 0.24
0.00 0.00 1.00 0.00 0.00
0.76 0.18 0.28
1.00 0.00 0.00 0.00 0.00
0.76 0.16 0.25
0.00 1.00 0.00 0.00 0.42
0.76 0.13 0.25
1.00 0.00 0.00 0.00 0.00
0.76 0.11 0.15
0.00 0.00 1.00 0.00 0.00
0.76 0.08 0.15
0.00 0.00 0.00 1.00 0.00
0.76 0.88 0.19
0.00 0.00 0.00 1.00 0.00
0.76 1.00 0.32
0.00 1.00 0.00 0.00 0.52
0.76 1.00 0.32
0.00 0.00 1.00 0.00 0.00
0.76 1.00 0.40
0.00 0.00 1.00 0.00 0.00
0.76 0.14 0.56
0.00 0.00 1.00 0.00 0.00
0.76 0.95 0.47
0.00 1.00 0.00 0.00 0.54
0.76 0.81 0.43
0.00 0.00 1.00 0.00 0.00
0.76 0.36 0.49
0.00 0.00 1.00 0.00 0.00
0.77 1.00 0.26
0.00 1.00 0.00 0.00 0.62
0.77 1.00 0.21
1.00 0.00 0.00 0.00 0.00
0.77 1.00 0.37
0.00 0.00 1.00 0.00 0.00
0.77 1.00 0.37
0.00 0.00 1.00 0.00 0.00
0.77 1.00 0.37
0.00 0.00 1.00 0.00 0.00
0.77 1.00 0.36
0.00 0.00 1.00 0.00 0.00
0.77 1.00 0.23
0.00 0.00 0.00 1.00 0.00
0.77 1.00 0.34
0.00 1.00 0.00 0.00 0.62
0.77 1.00 0.34
0.00 0.00 1.00 0.00 0.00
0.77 0.90 0.34
0.00 0.00 1.00 0.00 0.00
0.77 0.75 0.34
0.00 0.00 1.00 0.00 0.00
0.77 0.59 0.34
0.00 0.00 1.00 0.00 0.00
0.77 0.56 0.34
0.00 1.00 0.00 0.00 0.77
0.77 0.41 0.34
0.00 0.00 1.00 0.00 0.00
0.77 0.26 0.34
0.00 0.00 1.00 0.00 0.00
0.77 0.04 0.31
0.00 0.00 1.00 0.00 0.00
0.78 1.00 0.11
0.00 0.00 0.00 1.00 0.00
0.78 1.00 0.11
0.00 1.00 0.00 0.00 0.49
0.78 1.00 0.11
0.00 1.00 0.00 0.00 0.50
0.78 0.93 0.35
0.00 0.00 1.00 0.00 0.00
0.78 0.92 0.26
0.00 0.00 1.00 0.00 0.00
0.78 0.66 0.26
0.00 0.00 0.00 1.00 0.00
0.78 0.97 0.16
0.00 0.00 1.00 0.00 0.00
0.77 0.97 0.16
0.00 0.00 0.00 1.00 0.00
0.77 0.91 0.21
0.00 0.00 0.00 1.00 0.00
0.77 0.89 0.32
0.00 0.00 1.00 0.00 0.00
0.74 0.78 0.33
0.00 1.00 0.00 0.00 0.49
0.74 0.74 0.35
0.00 0.00 0.00 1.00 0.00
0.74 0.74 0.30
0.00 0.00 1.00 0.00 0.00
0.74 0.00 0.00
0.00 0.00 1.00 0.00 0.00
0.74 0.16 0.23
1.00 0.00 0.00 0.00 0.00
0.74 0.25 0.07
0.00 0.00 1.00 0.00 0.00
0.74 0.13 0.07
1.00 0.00 0.00 0.00 0.00
0.74 0.10 0.16
0.00 1.00 0.00 0.00 0.13
0.74 0.09 0.21
0.00 0.00 1.00 0.00 0.00
0.74 0.02 0.19
0.00 1.00 0.00 0.00 0.30
0.74 0.00 0.00
1.00 0.00 0.00 0.00 0.00
0.74 0.00 0.00
1.00 0.00 0.00 0.00 0.00
0.74 0.14 0.25
0.00 0.00 0.00 1.00 0.00
0.74 0.08 0.34
0.00 1.00 0.00 0.00 0.45
0.74 0.02 0.25
0.00 0.00 1.00 0.00 0.00
0.75 0.00 0.00
0.00 1.00 0.00 0.00 0.59
0.75 0.00 0.00
0.00 0.00 1.00 0.00 0.00
0.75 0.00 0.00
0.00 0.00 1.00 0.00 0.00
0.75 0.00 0.00
1.00 0.00 0.00 0.00 0.00
0.75 1.00 0.04
0.00 1.00 0.00 0.00 0.42
0.75 0.00 0.00
1.00 0.00 0.00 0.00 0.00
0.75 0.00 0.00
0.00 1.00 0.00 0.00 0.35
0.75 0.00 0.00
0.00 1.00 0.00 0.00 0.37
0.75 0.00 0.00
0.00 0.00 1.00 0.00 0.00
0.75 0.00 0.00
1.00 0.00 0.00 0.00 0.00
0.75 0.00 0.00
0.00 0.00 0.00 1.00 0.00
0.75 0.00 0.00
0.00 1.00 0.00 0.00 0.17
0.75 1.00 0.21
0.00 1.00 0.00 0.00 0.33
0.75 1.00 0.21
1.00 0.00 0.00 0.00 0.00
0.75 1.00 0.25
0.00 0.00 1.00 0.00 0.00
0.75 0.00 0.00
0.00 0.00 1.00 0.00 0.00
0.75 0.00 0.00
0.00 0.00 1.00 0.00 0.00
0.75 0.00 0.00
1.00 0.00 0.00 0.00 0.00
0.75 0.00 0.00
0.00 0.00 0.00 1.00 0.00
0.75 0.00 0.00
0.00 1.00 0.00 0.00 0.42
0.75 0.00 0.00
0.00 1.00 0.00 0.00 0.43
0.75 0.00 0.00
0.00 1.00 0.00 0.00 0.48
0.75 0.00 0.00
0.00 0.00 1.00 0.00 0.00
0.75 0.00 0.00
0.00 0.00 1.00 0.00 0.00
0.75 0.00 0.00
1.00 0.00 0.00 0.00 0.00
0.75 0.00 0.00
1.00 0.00 0.00 0.00 0.00
0.75 0.00 0.00
0.00 0.00 0.00 1.00 0.00
0.75 0.00 0.00
0.00 1.00 0.00 0.00 0.60
0.75 0.00 0.00
1.00 0.00 0.00 0.00 0.00
0.75 0.00 0.00
0.00 1.00 0.00 0.00 0.23
0.75 0.00 0.00
0.00 1.00 0.00 0.00 0.25
0.75 0.00 0.00
0.00 0.00 1.00 0.00 0.00
0.75 0.00 0.00
0.00 0.00 0.00 1.00 0.00
0.75 0.00 0.00
0.00 0.00 1.00 0.00 0.00
0.75 0.00 0.00
1.00 0.00 0.00 0.00 0.00
0.75 0.00 0.00
0.00 0.00 0.00 1.00 0.00
0.75 0.00 0.00
0.00 1.00 0.00 0.00 0.69
0.75 0.00 0.00
0.00 0.00 1.00 0.00 0.00
0.75 0.00 0.00
0.00 0.00 0.00 1.00 0.00
0.75 0.00 0.00
0.00 1.00 0.00 0.00 0.13
0.75 0.00 0.00
0.00 1.00 0.00 0.00 0.15
0.75 1.00 0.17
0.00 1.00 0.00 0.00 0.32
0.75 1.00 0.11
0.00 0.00 1.00 0.00 0.00
0.75 1.00 0.16
0.00 0.00 0.00 1.00 0.00
0.75 0.00 0.00
0.00 0.00 1.00 0.00 0.00
0.75 0.00 0.00
0.00 0.00 1.00 0.00 0.00
0.75 0.00 0.00
0.00 0.00 1.00 0.00 0.00
0.75 0.00 0.00
0.00 1.00 0.00 0.00 0.32
0.75 0.00 0.00
1.00 0.00 0.00 0.00 0.00
0.71 1.00 0.09
0.00 1.00 0.00 0.00 0.27
0.71 0.89 0.06
1.00 0.00 0.00 0.00 0.00
0.71 0.00 0.00
0.00 0.00 1.00 0.00 0.00
0.71 0.00 0.00
1.00 0.00 0.00 0.00 0.00
0.71 0.00 0.00
0.00 0.00 1.00 0.00 0.00
0.71 1.00 0.06
0.00 0.00 0.00 1.00 0.00
0.71 0.00 0.00
0.00 1.00 0.00 0.00 0.38
0.71 0.00 0.00
0.00 0.00 1.00 0.00 0.00
0.71 0.00 0.00
0.00 0.00 1.00 0.00 0.00
0.71 0.00 0.00
0.00 1.00 0.00 0.00 0.40
0.71 0.00 0.00
0.00 0.00 0.00 1.00 0.00
0.71 0.00 0.00
0.00 0.00 1.00 0.00 0.00
0.71 0.00 0.00
0.00 1.00 0.00 0.00 0.43
0.71 0.00 0.00
1.00 0.00 0.00 0.00 0.00
0.71 0.00 0.00
0.00 1.00 0.00 0.00 0.20
0.71 0.00 0.00
0.00 1.00 0.00 0.00 0.22
0.71 1.00 0.17
0.00 0.00 1.00 0.00 0.00
0.71 0.00 0.00
1.00 0.00 0.00 0.00 0.00
0.71 1.00 0.23
0.00 0.00 1.00 0.00 0.00
0.71 1.00 0.14
0.00 1.00 0.00 0.00 0.39
0.71 1.00 0.10
1.00 0.00 0.00 0.00 0.00
0.71 0.00 0.00
0.00 0.00 1.00 0.00 0.00
0.71 0.00 0.00
0.00 0.00 1.00 0.00 0.00
0.71 0.00 0.00
1.00 0.00 0.00 0.00 0.00
0.71 0.00 0.00
1.00 0.00 0.00 0.00 0.00
0.71 0.00 0.00
0.00 0.00 1.00 0.00 0.00
0.71 0.00 0.00
1.00 0.00 0.00 0.00 0.00
0.71 0.00 0.00
0.00 1.00 0.00 0.00 0.62
0.71 0.00 0.00
1.00 0.00 0.00 0.00 0.00
0.71 0.00 0.00
0.00 0.00 0.00 1.00 0.00
0.71 0.00 0.00
0.00 0.00 0.00 1.00 0.00
0.71 0.00 0.00
0.00 1.00 0.00 0.00 0.15
0.71 0.00 0.00
0.00 1.00 0.00 0.00 0.17
0.71 0.00 0.00
0.00 1.00 0.00 0.00 0.35
0.71 1.00 0.05
0.00 0.00 1.00 0.00 0.00
0.73 1.00 0.20
0.00 0.00 0.00 1.00 0.00
0.73 0.98 0.21
0.00 1.00 0.00 0.00 0.48
0.73 0.93 0.21
0.00 0.00 1.00 0.00 0.00
0.73 0.75 0.21
0.00 0.00 1.00 0.00 0.00
0.73 0.62 0.25
0.00 0.00 0.00 1.00 0.00
0.73 1.00 0.26
0.00 0.00 1.00 0.00 0.00
0.73 0.08 0.54
0.00 1.00 0.00 0.00 0.28
0.73 0.08 0.54
1.00 0.00 0.00 0.00 0.00
0.72 0.04 0.22
0.00 0.00 1.00 0.00 0.00
0.70 0.00 0.00
1.00 0.00 0.00 0.00 0.00
0.68 0.85 0.16
0.00 1.00 0.00 0.00 0.64
0.67 0.85 0.18
0.00 0.00 0.00 1.00 0.00
0.65 0.83 0.17
0.00 1.00 0.00 0.00 0.55
0.64 0.67 0.17
0.00 0.00 0.00 1.00 0.00
0.64 1.00 0.15
0.00 0.00 1.00 0.00 0.00
0.61 1.00 0.18
0.00 0.00 1.00 0.00 0.00
0.56 1.00 0.18
0.00 1.00 0.00 0.00 0.15
0.54 1.00 0.18
0.00 1.00 0.00 0.00 0.55
0.51 1.00 0.18
0.00 0.00 1.00 0.00 0.00
0.51 1.00 0.24
0.00 1.00 0.00 0.00 0.59
0.51 0.95 0.24
0.00 0.00 0.00 1.00 0.00
0.51 1.00 0.25
0.00 0.00 1.00 0.00 0.00
0.51 0.98 0.24
0.00 0.00 0.00 1.00 0.00
0.51 0.96 0.40
0.00 0.00 1.00 0.00 0.00
0.51 0.94 0.45
0.00 0.00 1.00 0.00 0.00
0.51 0.94 0.50
0.00 0.00 1.00 0.00 0.00
0.51 0.92 0.44
0.00 1.00 0.00 0.00 0.59
0.51 0.77 0.40
0.00 0.00 1.00 0.00 0.00
0.51 0.36 0.38
0.00 0.00 1.00 0.00 0.00
0.51 0.00 0.00
0.00 0.00 1.00 0.00 0.00
0.51 0.13 0.71
0.00 1.00 0.00 0.00 0.37
0.51 0.13 0.63
0.00 0.00 1.00 0.00 0.00
0.51 0.11 0.45
0.00 1.00 0.00 0.00 0.48
0.51 0.07 0.42
0.00 0.00 1.00 0.00 0.00
0.52 1.00 0.31
0.00 1.00 0.00 0.00 0.64
0.52 1.00 0.34
0.00 0.00 1.00 0.00 0.00
0.52 0.00 0.00
0.00 0.00 0.00 1.00 0.00
0.52 1.00 0.61
0.00 0.00 1.00 0.00 0.00
0.52 1.00 0.61
0.00 0.00 0.00 1.00 0.00
0.52 0.33 0.65
0.00 0.00 1.00 0.00 0.00
0.51 1.00 0.69
0.00 0.00 1.00 0.00 0.00
0.51 1.00 0.73
0.00 1.00 0.00 0.00 0.59
0.51 0.91 0.73
0.00 0.00 1.00 0.00 0.00
0.50 0.47 0.73
0.00 0.00 1.00 0.00 0.00
0.48 0.31 0.73
1.00 0.00 0.00 0.00 0.00
0.48 0.02 0.65
1.00 0.00 0.00 0.00 0.00
0.48 0.02 0.30
0.00 0.00 1.00 0.00 0.00
0.46 0.00 0.00
0.00 1.00 0.00 0.00 0.43
0.46 0.00 0.00
0.00 0.00 1.00 0.00 0.00
0.46 0.00 0.00
0.00 0.00 1.00 0.00 0.00
0.48 0.00 0.00
0.00 0.00 0.00 1.00 0.00
0.48 1.00 0.13
0.00 0.00 0.00 1.00 0.00
0.48 1.00 0.13
0.00 1.00 0.00 0.00 0.37
0.46 1.00 0.05
1.00 0.00 0.00 0.00 0.00
0.45 1.00 0.05
0.00 1.00 0.00 0.00 0.00
0.45 1.00 0.06
0.00 1.00 0.00 0.00 0.08
0.45 1.00 0.08
1.00 0.00 0.00 0.00 0.00
0.45 1.00 0.08
0.00 1.00 0.00 0.00 0.28
0.44 0.00 0.00
0.00 0.00 1.00 0.00 0.00
0.42 1.00 0.11
0.00 0.00 1.00 0.00 0.00
0.42 1.00 0.11
0.00 0.00 1.00 0.00 0.00
0.42 1.00 0.27
0.00 0.00 1.00 0.00 0.00
0.42 1.00 0.27
0.00 0.00 1.00 0.00 0.00
0.41 1.00 0.07
0.00 0.00 1.00 0.00 0.00
0.40 1.00 0.07
0.00 0.00 1.00 0.00 0.00
0.40 1.00 0.07
0.00 0.00 1.00 0.00 0.00
0.40 1.00 0.61
0.00 0.00 1.00 0.00 0.00
0.40 1.00 0.34
0.00 0.00 1.00 0.00 0.00
0.38 1.00 0.05
0.00 1.00 0.00 0.00 0.17
0.38 0.00 0.00
1.00 0.00 0.00 0.00 0.00
0.38 0.89 0.06
0.00 0.00 1.00 0.00 0.00
0.38 0.70 0.13
0.00 0.00 0.00 1.00 0.00
0.38 1.00 0.21
0.00 0.00 1.00 0.00 0.00
0.38 0.37 0.46
0.00 0.00 1.00 0.00 0.00
0.38 0.17 0.46
0.00 0.00 1.00 0.00 0.00
0.38 0.14 0.46
0.00 1.00 0.00 0.00 0.59
0.38 1.00 0.19
0.00 1.00 0.00 0.00 0.59
0.38 1.00 0.19
0.00 0.00 1.00 0.00 0.00
0.38 1.00 0.06
0.00 0.00 1.00 0.00 0.00
0.38 0.96 0.05
0.00 0.00 1.00 0.00 0.00
0.38 0.00 0.00
0.00 0.00 0.00 1.00 0.00
0.38 0.00 0.00
0.00 1.00 0.00 0.00 0.22
0.38 0.00 0.00
0.00 1.00 0.00 0.00 0.23
0.37 1.00 0.05
0.00 0.00 0.00 1.00 0.00
0.37 1.00 0.05
0.00 1.00 0.00 0.00 0.40
0.37 1.00 0.09
0.00 0.00 1.00 0.00 0.00
0.34 1.00 0.09
0.00 0.00 0.00 1.00 0.00
0.34 0.97 0.24
0.00 0.00 0.00 1.00 0.00
0.34 1.00 0.18
0.00 0.00 1.00 0.00 0.00
0.34 1.00 0.10
0.00 1.00 0.00 0.00 0.67
0.34 0.00 0.00
0.00 0.00 1.00 0.00 0.00
0.32 1.00 0.20
1.00 0.00 0.00 0.00 0.00
0.24 1.00 0.05
0.00 0.00 0.00 1.00 0.00
0.24 1.00 0.05
0.00 1.00 0.00 0.00 0.57
0.20 0.00 0.00
0.00 0.00 0.00 1.00 0.00
0.20 1.00 0.28
0.00 1.00 0.00 0.00 0.28
0.20 1.00 0.36
0.00 0.00 1.00 0.00 0.00
0.20 1.00 0.05
0.00 0.00 1.00 0.00 0.00
0.20 0.00 0.00
0.00 0.00 0.00 1.00 0.00
0.20 0.41 0.19
0.00 0.00 0.00 1.00 0.00
0.20 0.00 0.00
0.00 1.00 0.00 0.00 0.59
0.20 0.00 0.00
0.00 0.00 1.00 0.00 0.00
0.22 1.00 0.18
1.00 0.00 0.00 0.00 0.00
0.22 1.00 0.19
0.00 1.00 0.00 0.00 0.10
0.22 1.00 0.40
0.00 1.00 0.00 0.00 0.35
0.22 0.98 0.38
0.00 1.00 0.00 0.00 0.13
0.22 0.97 0.34
0.00 0.00 1.00 0.00 0.00
0.22 0.56 0.30
0.00 0.00 1.00 0.00 0.00
0.22 0.39 0.25
1.00 0.00 0.00 0.00 0.00
0.22 0.36 0.18
1.00 0.00 0.00 0.00 0.00
0.22 0.36 0.18
0.00 1.00 0.00 0.00 0.25
0.22 0.54 0.16
0.00 0.00 1.00 0.00 0.00
0.22 0.32 0.08
0.00 0.00 0.00 1.00 0.00
0.22 0.30 0.08
1.00 0.00 0.00 0.00 0.00
0.22 0.30 0.08
0.00 1.00 0.00 0.00 0.27
0.22 0.15 0.08
0.00 0.00 0.00 1.00 0.00
0.22 0.11 0.04
0.00 0.00 1.00 0.00 0.00
0.24 1.00 0.25
0.00 1.00 0.00 0.00 0.62
0.24 0.95 0.25
0.00 0.00 1.00 0.00 0.00
0.24 1.00 0.24
0.00 0.00 1.00 0.00 0.00
0.24 1.00 0.24
0.00 0.00 0.00 1.00 0.00
0.24 0.51 0.11
0.00 0.00 0.00 1.00 0.00
0.24 0.45 0.30
0.00 1.00 0.00 0.00 0.50
0.24 0.38 0.30
0.00 0.00 1.00 0.00 0.00
0.24 0.17 0.30
0.00 0.00 1.00 0.00 0.00
0.24 0.92 0.17
0.00 1.00 0.00 0.00 0.60
0.24 0.64 0.19
0.00 0.00 0.00 1.00 0.00
0.24 1.00 0.37
0.00 0.00 1.00 0.00 0.00
0.24 1.00 0.37
0.00 0.00 1.00 0.00 0.00
0.24 1.00 0.37
0.00 0.00 1.00 0.00 0.00
0.25 1.00 0.24
0.00 1.00 0.00 0.00 0.67
0.25 1.00 0.28
0.00 0.00 1.00 0.00 0.00
0.25 0.90 0.31
0.00 0.00 1.00 0.00 0.00
0.25 0.52 0.31
0.00 0.00 1.00 0.00 0.00
0.25 0.18 0.31
0.00 0.00 1.00 0.00 0.00
0.25 0.13 0.33
0.00 1.00 0.00 0.00 0.60
0.25 0.02 0.34
0.00 0.00 1.00 0.00 0.00
0.25 1.00 0.36
0.00 0.00 1.00 0.00 0.00
0.26 0.00 0.00
0.00 1.00 0.00 0.00 0.67
0.26 0.00 0.00
1.00 0.00 0.00 0.00 0.00
0.26 0.00 0.00
0.00 0.00 1.00 0.00 0.00
0.26 0.00 0.00
0.00 0.00 1.00 0.00 0.00
0.26 0.00 0.00
0.00 1.00 0.00 0.00 0.33
0.26 0.00 0.00
0.00 0.00 0.00 1.00 0.00
0.26 0.00 0.00
0.00 0.00 1.00 0.00 0.00
0.26 0.00 0.00
0.00 0.00 1.00 0.00 0.00
0.26 0.00 0.00
0.00 1.00 0.00 0.00 0.65
0.26 0.00 0.00
0.00 0.00 1.00 0.00 0.00
0.26 0.00 0.00
0.00 0.00 1.00 0.00 0.00
0.26 0.27 0.36
0.00 0.00 1.00 0.00 0.00
0.26 0.09 0.24
0.00 0.00 1.00 0.00 0.00
0.26 0.00 0.00
0.00 0.00 0.00 1.00 0.00
0.26 0.47 0.47
0.00 1.00 0.00 0.00 0.50
0.26 0.43 0.43
0.00 0.00 1.00 0.00 0.00
0.26 0.00 0.53
0.00 1.00 0.00 0.00 0.52
0.26 1.00 0.35
0.00 1.00 0.00 0.00 0.55
0.26 1.00 0.24
1.00 0.00 0.00 0.00 0.00
0.26 0.98 0.19
0.00 0.00 1.00 0.00 0.00
0.26 0.98 0.19
0.00 0.00 0.00 1.00 0.00
0.26 0.00 0.00
0.00 0.00 1.00 0.00 0.00
0.26 0.00 0.00
0.00 0.00 1.00 0.00 0.00
0.26 0.00 0.00
1.00 0.00 0.00 0.00 0.00
0.26 0.00 0.00
0.00 1.00 0.00 0.00 0.65
0.26 0.00 0.00
1.00 0.00 0.00 0.00 0.00
0.26 0.00 0.00
0.00 1.00 0.00 0.00 0.54
0.26 0.00 0.00
0.00 0.00 1.00 0.00 0.00
0.26 0.00 0.00
1.00 0.00 0.00 0.00 0.00
0.26 0.00 0.00
0.00 0.00 1.00 0.00 0.00
0.26 0.00 0.00
0.00 1.00 0.00 0.00 0.43
0.26 0.00 0.00
0.00 0.00 1.00 0.00 0.00
0.26 0.00 0.00
1.00 0.00 0.00 0.00 0.00
0.26 1.00 0.15
0.00 1.00 0.00 0.00 0.57
0.26 0.00 0.00
0.00 0.00 0.00 1.00 0.00
0.26 0.00 0.00
0.00 0.00 1.00 0.00 0.00
0.26 0.00 0.00
1.00 0.00 0.00 0.00 0.00
0.26 0.00 0.00
0.00 0.00 1.00 0.00 0.00
0.26 0.00 0.00
1.00 0.00 0.00 0.00 0.00
0.26 0.00 0.00
0.00 1.00 0.00 0.00 0.44
0.26 0.00 0.00
1.00 0.00 0.00 0.00 0.00
0.26 1.00 0.14
0.00 0.00 1.00 0.00 0.00
0.26 1.00 0.25
0.00 0.00 1.00 0.00 0.00
0.26 1.00 0.24
0.00 1.00 0.00 0.00 0.40
0.26 1.00 0.24
1.00 0.00 0.00 0.00 0.00
0.26 0.00 0.00
0.00 0.00 1.00 0.00 0.00
0.19 0.00 0.00
0.00 0.00 0.00 1.00 0.00
0.19 0.00 0.00
0.00 0.00 0.00 1.00 0.00
0.19 1.00 0.41
0.00 1.00 0.00 0.00 0.62
0.19 1.00 0.40
0.00 0.00 1.00 0.00 0.00
0.19 1.00 0.35
0.00 0.00 0.00 1.00 0.00
0.19 1.00 0.12
1.00 0.00 0.00 0.00 0.00
0.19 1.00 0.05
0.00 0.00 0.00 1.00 0.00
0.19 0.00 0.00
0.00 1.00 0.00 0.00 0.52
0.19 0.00 0.00
0.00 0.00 1.00 0.00 0.00
0.19 0.00 0.00
0.00 0.00 1.00 0.00 0.00
0.19 0.00 0.00
0.00 0.00 0.00 1.00 0.00
0.19 0.00 0.00
0.00 1.00 0.00 0.00 0.60
0.19 0.00 0.00
0.00 0.00 1.00 0.00 0.00
0.19 0.00 0.00
0.00 0.00 1.00 0.00 0.00
0.19 0.00 0.00
0.00 1.00 0.00 0.00 0.67
0.19 0.00 0.00
0.00 0.00 1.00 0.00 0.00
0.50 0.00 0.00
0.00 1.00 0.00 0.00 0.12
0.50 0.00 0.00
0.00 1.00 0.00 0.00 0.48
0.50 0.00 0.00
0.00 0.00 1.00 0.00 0.00
0.50 0.00 0.00
0.00 0.00 0.00 1.00 0.00
0.50 0.00 0.00
0.00 0.00 0.00 1.00 0.00
0.50 1.00 0.34
0.00 1.00 0.00 0.00 0.60
0.50 1.00 0.36
0.00 0.00 1.00 0.00 0.00
0.50 1.00 0.43
0.00 0.00 0.00 1.00 0.00
0.50 0.00 0.00
0.00 1.00 0.00 0.00 0.67
0.50 0.00 0.00
0.00 0.00 0.00 1.00 0.00
0.50 1.00 0.48
0.00 1.00 0.00 0.00 0.22
0.50 0.87 0.48
0.00 0.00 1.00 0.00 0.00
0.50 0.00 0.00
1.00 0.00 0.00 0.00 0.00
0.50 0.00 0.00
0.00 0.00 0.00 1.00 0.00
0.50 0.00 0.00
1.00 0.00 0.00 0.00 0.00
0.50 0.00 0.00
0.00 1.00 0.00 0.00 0.55
0.50 0.00 0.00
1.00 0.00 0.00 0.00 0.00
0.50 0.00 0.00
0.00 0.00 1.00 0.00 0.00
0.58 1.00 0.42
1.00 0.00 0.00 0.00 0.00
0.58 1.00 0.30
1.00 0.00 0.00 0.00 0.00
0.58 1.00 0.29
0.00 1.00 0.00 0.00 0.62
0.58 0.95 0.27
0.00 0.00 1.00 0.00 0.00
0.58 1.00 0.37
0.00 1.00 0.00 0.00 0.54
0.58 0.86 0.37
0.00 0.00 1.00 0.00 0.00
0.58 0.25 0.37
0.00 0.00 0.00 1.00 0.00
0.58 0.23 0.33
0.00 0.00 1.00 0.00 0.00
0.58 0.00 0.00
0.00 0.00 0.00 1.00 0.00
0.58 0.00 0.00
1.00 0.00 0.00 0.00 0.00
0.58 0.00 0.00
0.00 1.00 0.00 0.00 0.43
0.58 0.21 0.52
0.00 0.00 1.00 0.00 0.00
0.58 0.00 0.00
1.00 0.00 0.00 0.00 0.00
0.58 0.00 0.00
0.00 1.00 0.00 0.00 0.45
0.58 0.00 0.00
1.00 0.00 0.00 0.00 0.00
0.58 0.86 0.06
0.00 0.00 1.00 0.00 0.00
0.58 0.78 0.23
0.00 0.00 1.00 0.00 0.00
0.58 0.43 0.33
0.00 0.00 1.00 0.00 0.00
0.59 1.00 0.09
0.00 1.00 0.00 0.00 0.84
0.59 0.00 0.00
1.00 0.00 0.00 0.00 0.00
0.59 1.00 0.11
0.00 0.00 1.00 0.00 0.00
0.59 1.00 0.11
1.00 0.00 0.00 0.00 0.00
0.59 1.00 0.23
0.00 1.00 0.00 0.00 0.54
0.59 1.00 0.23
0.00 0.00 0.00 1.00 0.00
0.59 1.00 0.04
0.00 0.00 1.00 0.00 0.00
0.59 0.50 0.03
0.00 0.00 0.00 1.00 0.00
0.59 0.50 0.03
0.00 1.00 0.00 0.00 0.18
0.59 1.00 0.17
0.00 0.00 1.00 0.00 0.00
0.59 1.00 0.17
0.00 0.00 1.00 0.00 0.00
0.59 1.00 0.40
0.00 0.00 1.00 0.00 0.00
0.59 0.00 0.00
1.00 0.00 0.00 0.00 0.00
0.59 0.00 0.00
0.00 1.00 0.00 0.00 0.30
0.59 0.02 0.30
0.00 0.00 1.00 0.00 0.00
0.60 0.00 0.00
0.00 1.00 0.00 0.00 0.67
0.60 0.00 0.00
0.00 0.00 1.00 0.00 0.00
0.60 0.00 0.00
0.00 0.00 1.00 0.00 0.00
0.60 0.00 0.00
0.00 0.00 1.00 0.00 0.00
0.60 0.00 0.00
0.00 0.00 0.00 1.00 0.00
0.60 1.00 0.37
0.00 1.00 0.00 0.00 0.60
0.60 1.00 0.37
1.00 0.00 0.00 0.00 0.00
0.60 1.00 0.23
0.00 0.00 1.00 0.00 0.00
0.60 1.00 0.23
0.00 0.00 1.00 0.00 0.00
0.60 1.00 0.23
0.00 0.00 1.00 0.00 0.00
0.60 1.00 0.23
0.00 0.00 1.00 0.00 0.00
0.60 0.02 0.21
0.00 0.00 1.00 0.00 0.00
1.00 1.00 0.98
0.00 1.00 0.00 0.00 1.00
1.00 1.00 0.72
0.00 1.00 0.00 0.00 0.53
1.00 0.99 0.56
0.00 0.00 1.00 0.00 0.00
1.00 0.95 0.26
0.00 0.00 0.00 1.00 0.00
1.00 0.95 0.50
0.00 0.00 1.00 0.00 0.00
1.00 0.91 0.30
0.00 0.00 0.00 1.00 0.00
1.00 0.91 0.34
0.00 0.00 0.00 1.00 0.00
1.00 0.90 0.61
0.00 0.00 0.00 1.00 0.00
1.00 0.90 0.57
0.00 1.00 0.00 0.00 0.62
1.00 0.90 0.51
0.00 0.00 0.00 1.00 0.00
1.00 0.90 0.64
0.00 0.00 1.00 0.00 0.00
1.00 0.84 0.49
0.00 0.00 1.00 0.00 0.00
1.00 0.79 0.53
0.00 0.00 1.00 0.00 0.00
1.00 0.79 0.17
0.00 0.00 0.00 1.00 0.00
1.00 0.78 0.17
0.00 1.00 0.00 0.00 0.42
0.98 0.76 0.05
1.00 0.00 0.00 0.00 0.00
0.98 0.75 0.42
0.00 0.00 1.00 0.00 0.00
0.98 0.70 0.31
0.00 0.00 0.00 1.00 0.00
0.98 0.69 0.54
0.00 0.00 0.00 1.00 0.00
0.98 0.68 0.77
0.00 0.00 1.00 0.00 0.00
0.98 0.64 0.47
0.00 0.00 0.00 1.00 0.00
0.98 0.63 0.42
0.00 0.00 1.00 0.00 0.00
0.98 0.59 0.14
0.00 0.00 0.00 1.00 0.00
0.98 0.59 0.24
0.00 0.00 0.00 1.00 0.00
0.98 0.58 0.34
0.00 0.00 0.00 1.00 0.00
0.98 0.58 0.51
0.00 0.00 0.00 1.00 0.00
0.98 0.58 0.33
0.00 1.00 0.00 0.00 0.55
0.98 0.57 0.28
0.00 0.00 0.00 1.00 0.00
0.98 0.57 0.36
0.00 0.00 1.00 0.00 0.00
0.98 0.50 0.16
1.00 0.00 0.00 0.00 0.00
0.98 0.49 0.17
0.00 0.00 0.00 1.00 0.00
0.98 0.49 0.26
0.00 1.00 0.00 0.00 0.43
0.98 0.48 0.21
0.00 0.00 0.00 1.00 0.00
0.98 0.48 0.27
0.00 0.00 1.00 0.00 0.00
0.98 0.41 0.16
1.00 0.00 0.00 0.00 0.00
0.98 0.41 0.17
0.00 0.00 0.00 1.00 0.00
0.98 0.41 0.72
0.00 1.00 0.00 0.00 0.43
0.98 0.41 0.67
0.00 0.00 0.00 1.00 0.00
0.98 0.40 0.63
0.00 0.00 0.00 1.00 0.00
0.98 0.39 0.77
0.00 1.00 0.00 0.00 0.48
0.98 0.39 0.85
0.00 0.00 1.00 0.00 0.00
0.98 0.33 0.60
0.00 0.00 1.00 0.00 0.00
0.98 0.27 0.37
1.00 0.00 0.00 0.00 0.00
0.98 0.27 0.25
0.00 0.00 1.00 0.00 0.00
0.97 0.24 0.22
1.00 0.00 0.00 0.00 0.00
0.97 0.24 0.17
0.00 1.00 0.00 0.00 0.45
0.97 0.22 0.17
0.00 0.00 0.00 1.00 0.00
0.97 0.21 0.36
0.00 0.00 1.00 0.00 0.00
0.95 0.15 0.03
0.00 0.00 1.00 0.00 0.00
0.95 0.11 0.04
0.00 0.00 0.00 1.00 0.00
0.95 0.11 0.34
0.00 0.00 0.00 1.00 0.00
0.95 0.10 0.76
0.00 0.00 0.00 1.00 0.00
0.95 0.10 0.86
0.00 0.00 0.00 1.00 0.00
0.95 0.10 0.94
0.00 1.00 0.00 0.00 0.78
0.95 0.09 0.67
0.00 0.00 1.00 0.00 0.00
0.95 0.06 0.25
0.00 0.00 1.00 0.00 0.00
0.95 0.04 0.16
1.00 0.00 0.00 0.00 0.00
